Base path: C:/Program Files/Unity/Editor/Data
Cmd: getPlatforms
Cmd: disassembleShader
  api=5 insize=11280 outsize=11280 ok=1
Cmd: disassembleShader
  api=4 insize=17723 outsize=17723 ok=1
Cmd: disassembleShader
  api=5 insize=13899 outsize=13899 ok=1
Cmd: disassembleShader
  api=5 insize=11976 outsize=11976 ok=1
Cmd: disassembleShader
  api=4 insize=17631 outsize=17631 ok=1
Cmd: disassembleShader
  api=5 insize=13913 outsize=13913 ok=1
Cmd: disassembleShader
  api=4 insize=18592 outsize=18592 ok=1
Cmd: disassembleShader
  api=5 insize=12016 outsize=12016 ok=1
Cmd: disassembleShader
  api=4 insize=17439 outsize=17439 ok=1
Cmd: disassembleShader
  api=5 insize=12700 outsize=12700 ok=1
Cmd: disassembleShader
  api=5 insize=13952 outsize=13952 ok=1
Cmd: disassembleShader
  api=4 insize=18385 outsize=18385 ok=1
Cmd: disassembleShader
  api=5 insize=14634 outsize=14634 ok=1
Cmd: disassembleShader
  api=5 insize=12714 outsize=12714 ok=1
Cmd: disassembleShader
  api=4 insize=18293 outsize=18293 ok=1
Cmd: disassembleShader
  api=5 insize=14648 outsize=14648 ok=1
Cmd: disassembleShader
  api=4 insize=19254 outsize=19254 ok=1
Cmd: disassembleShader
  api=5 insize=13635 outsize=13635 ok=1
Cmd: disassembleShader
  api=4 insize=18546 outsize=18546 ok=1
Cmd: disassembleShader
  api=5 insize=14317 outsize=14317 ok=1
Cmd: disassembleShader
  api=5 insize=15520 outsize=15520 ok=1
Cmd: disassembleShader
  api=4 insize=19508 outsize=19508 ok=1
Cmd: disassembleShader
  api=5 insize=16203 outsize=16203 ok=1
Cmd: disassembleShader
  api=5 insize=14331 outsize=14331 ok=1
Cmd: disassembleShader
  api=4 insize=19360 outsize=19360 ok=1
Cmd: disassembleShader
  api=5 insize=16217 outsize=16217 ok=1
Cmd: disassembleShader
  api=4 insize=20344 outsize=20344 ok=1
Cmd: disassembleShader
  api=5 insize=19831 outsize=19831 ok=1
Cmd: disassembleShader
  api=4 insize=23377 outsize=23377 ok=1
Cmd: disassembleShader
  api=5 insize=20522 outsize=20522 ok=1
Cmd: disassembleShader
  api=5 insize=21855 outsize=21855 ok=1
Cmd: disassembleShader
  api=4 insize=24347 outsize=24347 ok=1
Cmd: disassembleShader
  api=5 insize=22544 outsize=22544 ok=1
Cmd: disassembleShader
  api=5 insize=20536 outsize=20536 ok=1
Cmd: disassembleShader
  api=4 insize=24253 outsize=24253 ok=1
Cmd: disassembleShader
  api=5 insize=22558 outsize=22558 ok=1
Cmd: disassembleShader
  api=4 insize=25203 outsize=25203 ok=1
Cmd: disassembleShader
  api=5 insize=20574 outsize=20574 ok=1
Cmd: disassembleShader
  api=4 insize=24119 outsize=24119 ok=1
Cmd: disassembleShader
  api=5 insize=21263 outsize=21263 ok=1
Cmd: disassembleShader
  api=5 insize=22596 outsize=22596 ok=1
Cmd: disassembleShader
  api=4 insize=25068 outsize=25068 ok=1
Cmd: disassembleShader
  api=5 insize=23286 outsize=23286 ok=1
Cmd: disassembleShader
  api=5 insize=21277 outsize=21277 ok=1
Cmd: disassembleShader
  api=4 insize=24934 outsize=24934 ok=1
Cmd: disassembleShader
  api=5 insize=23300 outsize=23300 ok=1
Cmd: disassembleShader
  api=4 insize=25884 outsize=25884 ok=1
Cmd: disassembleShader
  api=5 insize=22237 outsize=22237 ok=1
Cmd: disassembleShader
  api=4 insize=25185 outsize=25185 ok=1
Cmd: disassembleShader
  api=5 insize=22926 outsize=22926 ok=1
Cmd: disassembleShader
  api=5 insize=24207 outsize=24207 ok=1
Cmd: disassembleShader
  api=4 insize=26112 outsize=26112 ok=1
Cmd: disassembleShader
  api=5 insize=24896 outsize=24896 ok=1
Cmd: disassembleShader
  api=5 insize=22940 outsize=22940 ok=1
Cmd: disassembleShader
  api=4 insize=25999 outsize=25999 ok=1
Cmd: disassembleShader
  api=5 insize=24910 outsize=24910 ok=1
Cmd: disassembleShader
  api=4 insize=26926 outsize=26926 ok=1
Cmd: disassembleShader
  api=5 insize=11432 outsize=11432 ok=1
Cmd: disassembleShader
  api=4 insize=16865 outsize=16865 ok=1
Cmd: disassembleShader
  api=5 insize=12114 outsize=12114 ok=1
Cmd: disassembleShader
  api=5 insize=13367 outsize=13367 ok=1
Cmd: disassembleShader
  api=4 insize=17811 outsize=17811 ok=1
Cmd: disassembleShader
  api=5 insize=14051 outsize=14051 ok=1
Cmd: disassembleShader
  api=5 insize=12128 outsize=12128 ok=1
Cmd: disassembleShader
  api=4 insize=17719 outsize=17719 ok=1
Cmd: disassembleShader
  api=5 insize=14065 outsize=14065 ok=1
Cmd: disassembleShader
  api=4 insize=18665 outsize=18665 ok=1
Cmd: disassembleShader
  api=5 insize=12168 outsize=12168 ok=1
Cmd: disassembleShader
  api=4 insize=17527 outsize=17527 ok=1
Cmd: disassembleShader
  api=5 insize=12852 outsize=12852 ok=1
Cmd: disassembleShader
  api=5 insize=14104 outsize=14104 ok=1
Cmd: disassembleShader
  api=4 insize=18473 outsize=18473 ok=1
Cmd: disassembleShader
  api=5 insize=14786 outsize=14786 ok=1
Cmd: disassembleShader
  api=5 insize=12866 outsize=12866 ok=1
Cmd: disassembleShader
  api=4 insize=18381 outsize=18381 ok=1
Cmd: disassembleShader
  api=5 insize=14800 outsize=14800 ok=1
Cmd: disassembleShader
  api=4 insize=19327 outsize=19327 ok=1
Cmd: disassembleShader
  api=5 insize=13787 outsize=13787 ok=1
Cmd: disassembleShader
  api=4 insize=18656 outsize=18656 ok=1
Cmd: disassembleShader
  api=5 insize=14469 outsize=14469 ok=1
Cmd: disassembleShader
  api=5 insize=15672 outsize=15672 ok=1
Cmd: disassembleShader
  api=4 insize=19581 outsize=19581 ok=1
Cmd: disassembleShader
  api=5 insize=16355 outsize=16355 ok=1
Cmd: disassembleShader
  api=5 insize=14483 outsize=14483 ok=1
Cmd: disassembleShader
  api=4 insize=19470 outsize=19470 ok=1
Cmd: disassembleShader
  api=5 insize=16369 outsize=16369 ok=1
Cmd: disassembleShader
  api=4 insize=20417 outsize=20417 ok=1
Cmd: disassembleShader
  api=5 insize=20343 outsize=20343 ok=1
Cmd: disassembleShader
  api=4 insize=23649 outsize=23649 ok=1
Cmd: disassembleShader
  api=5 insize=21032 outsize=21032 ok=1
Cmd: disassembleShader
  api=5 insize=22365 outsize=22365 ok=1
Cmd: disassembleShader
  api=4 insize=24619 outsize=24619 ok=1
Cmd: disassembleShader
  api=5 insize=23053 outsize=23053 ok=1
Cmd: disassembleShader
  api=5 insize=21046 outsize=21046 ok=1
Cmd: disassembleShader
  api=4 insize=24525 outsize=24525 ok=1
Cmd: disassembleShader
  api=5 insize=23067 outsize=23067 ok=1
Cmd: disassembleShader
  api=4 insize=25475 outsize=25475 ok=1
Cmd: disassembleShader
  api=5 insize=21084 outsize=21084 ok=1
Cmd: disassembleShader
  api=4 insize=24391 outsize=24391 ok=1
Cmd: disassembleShader
  api=5 insize=21773 outsize=21773 ok=1
Cmd: disassembleShader
  api=5 insize=23106 outsize=23106 ok=1
Cmd: disassembleShader
  api=4 insize=25340 outsize=25340 ok=1
Cmd: disassembleShader
  api=5 insize=23794 outsize=23794 ok=1
Cmd: disassembleShader
  api=5 insize=21787 outsize=21787 ok=1
Cmd: disassembleShader
  api=4 insize=25206 outsize=25206 ok=1
Cmd: disassembleShader
  api=5 insize=23808 outsize=23808 ok=1
Cmd: disassembleShader
  api=4 insize=26156 outsize=26156 ok=1
Cmd: disassembleShader
  api=5 insize=22746 outsize=22746 ok=1
Cmd: disassembleShader
  api=4 insize=25457 outsize=25457 ok=1
Cmd: disassembleShader
  api=5 insize=23434 outsize=23434 ok=1
Cmd: disassembleShader
  api=5 insize=24718 outsize=24718 ok=1
Cmd: disassembleShader
  api=4 insize=26384 outsize=26384 ok=1
Cmd: disassembleShader
  api=5 insize=25406 outsize=25406 ok=1
Cmd: disassembleShader
  api=5 insize=23448 outsize=23448 ok=1
Cmd: disassembleShader
  api=4 insize=26271 outsize=26271 ok=1
Cmd: disassembleShader
  api=5 insize=25420 outsize=25420 ok=1
Cmd: disassembleShader
  api=4 insize=27198 outsize=27198 ok=1
Cmd: disassembleShader
  api=5 insize=12327 outsize=12327 ok=1
Cmd: disassembleShader
  api=4 insize=17699 outsize=17699 ok=1
Cmd: disassembleShader
  api=5 insize=13009 outsize=13009 ok=1
Cmd: disassembleShader
  api=5 insize=14262 outsize=14262 ok=1
Cmd: disassembleShader
  api=4 insize=18660 outsize=18660 ok=1
Cmd: disassembleShader
  api=5 insize=14947 outsize=14947 ok=1
Cmd: disassembleShader
  api=5 insize=13023 outsize=13023 ok=1
Cmd: disassembleShader
  api=4 insize=18553 outsize=18553 ok=1
Cmd: disassembleShader
  api=5 insize=14961 outsize=14961 ok=1
Cmd: disassembleShader
  api=4 insize=19540 outsize=19540 ok=1
Cmd: disassembleShader
  api=5 insize=13063 outsize=13063 ok=1
Cmd: disassembleShader
  api=4 insize=18361 outsize=18361 ok=1
Cmd: disassembleShader
  api=5 insize=13748 outsize=13748 ok=1
Cmd: disassembleShader
  api=5 insize=15000 outsize=15000 ok=1
Cmd: disassembleShader
  api=4 insize=19322 outsize=19322 ok=1
Cmd: disassembleShader
  api=5 insize=15682 outsize=15682 ok=1
Cmd: disassembleShader
  api=5 insize=13762 outsize=13762 ok=1
Cmd: disassembleShader
  api=4 insize=19215 outsize=19215 ok=1
Cmd: disassembleShader
  api=5 insize=15696 outsize=15696 ok=1
Cmd: disassembleShader
  api=4 insize=20213 outsize=20213 ok=1
Cmd: disassembleShader
  api=5 insize=14683 outsize=14683 ok=1
Cmd: disassembleShader
  api=4 insize=19439 outsize=19439 ok=1
Cmd: disassembleShader
  api=5 insize=15365 outsize=15365 ok=1
Cmd: disassembleShader
  api=5 insize=16568 outsize=16568 ok=1
Cmd: disassembleShader
  api=4 insize=20423 outsize=20423 ok=1
Cmd: disassembleShader
  api=5 insize=17251 outsize=17251 ok=1
Cmd: disassembleShader
  api=5 insize=15379 outsize=15379 ok=1
Cmd: disassembleShader
  api=4 insize=20253 outsize=20253 ok=1
Cmd: disassembleShader
  api=5 insize=17265 outsize=17265 ok=1
Cmd: disassembleShader
  api=4 insize=21260 outsize=21260 ok=1
Cmd: disassembleShader
  api=5 insize=20908 outsize=20908 ok=1
Cmd: disassembleShader
  api=4 insize=24317 outsize=24317 ok=1
Cmd: disassembleShader
  api=5 insize=21598 outsize=21598 ok=1
Cmd: disassembleShader
  api=5 insize=22931 outsize=22931 ok=1
Cmd: disassembleShader
  api=4 insize=25273 outsize=25273 ok=1
Cmd: disassembleShader
  api=5 insize=23619 outsize=23619 ok=1
Cmd: disassembleShader
  api=5 insize=21612 outsize=21612 ok=1
Cmd: disassembleShader
  api=4 insize=25181 outsize=25181 ok=1
Cmd: disassembleShader
  api=5 insize=23633 outsize=23633 ok=1
Cmd: disassembleShader
  api=4 insize=26130 outsize=26130 ok=1
Cmd: disassembleShader
  api=5 insize=21650 outsize=21650 ok=1
Cmd: disassembleShader
  api=4 insize=25052 outsize=25052 ok=1
Cmd: disassembleShader
  api=5 insize=22338 outsize=22338 ok=1
Cmd: disassembleShader
  api=5 insize=23671 outsize=23671 ok=1
Cmd: disassembleShader
  api=4 insize=25987 outsize=25987 ok=1
Cmd: disassembleShader
  api=5 insize=24359 outsize=24359 ok=1
Cmd: disassembleShader
  api=5 insize=22352 outsize=22352 ok=1
Cmd: disassembleShader
  api=4 insize=25855 outsize=25855 ok=1
Cmd: disassembleShader
  api=5 insize=24373 outsize=24373 ok=1
Cmd: disassembleShader
  api=4 insize=26804 outsize=26804 ok=1
Cmd: disassembleShader
  api=5 insize=23311 outsize=23311 ok=1
Cmd: disassembleShader
  api=4 insize=26141 outsize=26141 ok=1
Cmd: disassembleShader
  api=5 insize=23999 outsize=23999 ok=1
Cmd: disassembleShader
  api=5 insize=25280 outsize=25280 ok=1
Cmd: disassembleShader
  api=4 insize=27068 outsize=27068 ok=1
Cmd: disassembleShader
  api=5 insize=25969 outsize=25969 ok=1
Cmd: disassembleShader
  api=5 insize=24013 outsize=24013 ok=1
Cmd: disassembleShader
  api=4 insize=26961 outsize=26961 ok=1
Cmd: disassembleShader
  api=5 insize=25983 outsize=25983 ok=1
Cmd: disassembleShader
  api=4 insize=27893 outsize=27893 ok=1
Cmd: disassembleShader
  api=5 insize=10544 outsize=10544 ok=1
Cmd: disassembleShader
  api=4 insize=16712 outsize=16712 ok=1
Cmd: disassembleShader
  api=4 insize=16188 outsize=16188 ok=1
Cmd: disassembleShader
  api=4 insize=16392 outsize=16392 ok=1
Cmd: disassembleShader
  api=4 insize=17205 outsize=17205 ok=1
Cmd: disassembleShader
  api=4 insize=18233 outsize=18233 ok=1
Cmd: disassembleShader
  api=5 insize=12744 outsize=12744 ok=1
Cmd: disassembleShader
  api=5 insize=19077 outsize=19077 ok=1
Cmd: disassembleShader
  api=5 insize=19542 outsize=19542 ok=1
Cmd: disassembleShader
  api=5 insize=18978 outsize=18978 ok=1
Cmd: disassembleShader
  api=5 insize=19353 outsize=19353 ok=1
Cmd: disassembleShader
  api=4 insize=24033 outsize=24033 ok=1
Cmd: disassembleShader
  api=4 insize=23519 outsize=23519 ok=1
Cmd: disassembleShader
  api=4 insize=24193 outsize=24193 ok=1
Cmd: disassembleShader
  api=4 insize=25028 outsize=25028 ok=1
Cmd: disassembleShader
  api=4 insize=16513 outsize=16513 ok=1
Cmd: disassembleShader
  api=4 insize=16809 outsize=16809 ok=1
Cmd: disassembleShader
  api=4 insize=16285 outsize=16285 ok=1
Cmd: disassembleShader
  api=4 insize=16480 outsize=16480 ok=1
Cmd: disassembleShader
  api=4 insize=17293 outsize=17293 ok=1
Cmd: disassembleShader
  api=4 insize=18321 outsize=18321 ok=1
Cmd: disassembleShader
  api=4 insize=18641 outsize=18641 ok=1
Cmd: disassembleShader
  api=5 insize=19589 outsize=19589 ok=1
Cmd: disassembleShader
  api=5 insize=20054 outsize=20054 ok=1
Cmd: disassembleShader
  api=4 insize=23418 outsize=23418 ok=1
Cmd: disassembleShader
  api=4 insize=23998 outsize=23998 ok=1
Cmd: disassembleShader
  api=4 insize=24305 outsize=24305 ok=1
Cmd: disassembleShader
  api=4 insize=23791 outsize=23791 ok=1
Cmd: disassembleShader
  api=4 insize=24465 outsize=24465 ok=1
Cmd: disassembleShader
  api=4 insize=25300 outsize=25300 ok=1
Cmd: disassembleShader
  api=4 insize=17305 outsize=17305 ok=1
Cmd: disassembleShader
  api=4 insize=17616 outsize=17616 ok=1
Cmd: disassembleShader
  api=4 insize=17113 outsize=17113 ok=1
Cmd: disassembleShader
  api=4 insize=17285 outsize=17285 ok=1
Cmd: disassembleShader
  api=4 insize=18088 outsize=18088 ok=1
Cmd: disassembleShader
  api=4 insize=19122 outsize=19122 ok=1
Cmd: disassembleShader
  api=4 insize=19442 outsize=19442 ok=1
Cmd: disassembleShader
  api=4 insize=18913 outsize=18913 ok=1
Cmd: disassembleShader
  api=5 insize=19687 outsize=19687 ok=1
Cmd: disassembleShader
  api=5 insize=20243 outsize=20243 ok=1
Cmd: disassembleShader
  api=5 insize=20896 outsize=20896 ok=1
Cmd: disassembleShader
  api=5 insize=21361 outsize=21361 ok=1
Cmd: disassembleShader
  api=5 insize=20797 outsize=20797 ok=1
Cmd: disassembleShader
  api=5 insize=21838 outsize=21838 ok=1
Cmd: disassembleShader
  api=5 insize=22394 outsize=22394 ok=1
Cmd: disassembleShader
  api=5 insize=9121 outsize=9121 ok=1
Cmd: disassembleShader
  api=4 insize=22038 outsize=22038 ok=1
Cmd: disassembleShader
  api=4 insize=23511 outsize=23511 ok=1
Cmd: disassembleShader
  api=4 insize=15652 outsize=15652 ok=1
Cmd: disassembleShader
  api=4 insize=22310 outsize=22310 ok=1
Cmd: disassembleShader
  api=4 insize=23783 outsize=23783 ok=1
Cmd: disassembleShader
  api=4 insize=16523 outsize=16523 ok=1
Cmd: disassembleShader
  api=4 insize=22997 outsize=22997 ok=1
Cmd: disassembleShader
  api=4 insize=24441 outsize=24441 ok=1
Cmd: disassembleShader
  api=5 insize=11315 outsize=11315 ok=1
Cmd: disassembleShader
  api=5 insize=12045 outsize=12045 ok=1
Cmd: disassembleShader
  api=5 insize=12045 outsize=12045 ok=1
Cmd: disassembleShader
  api=5 insize=19903 outsize=19903 ok=1
Cmd: disassembleShader
  api=5 insize=20636 outsize=20636 ok=1
Cmd: disassembleShader
  api=5 insize=20636 outsize=20636 ok=1
Cmd: disassembleShader
  api=4 insize=24365 outsize=24365 ok=1
Cmd: disassembleShader
  api=5 insize=12197 outsize=12197 ok=1
Cmd: disassembleShader
  api=5 insize=12197 outsize=12197 ok=1
Cmd: disassembleShader
  api=5 insize=20410 outsize=20410 ok=1
Cmd: disassembleShader
  api=5 insize=21144 outsize=21144 ok=1
Cmd: disassembleShader
  api=5 insize=21144 outsize=21144 ok=1
Cmd: disassembleShader
  api=5 insize=12322 outsize=12322 ok=1
Cmd: disassembleShader
  api=4 insize=17911 outsize=17911 ok=1
Cmd: disassembleShader
  api=4 insize=18567 outsize=18567 ok=1
Cmd: disassembleShader
  api=4 insize=18567 outsize=18567 ok=1
Cmd: disassembleShader
  api=4 insize=24555 outsize=24555 ok=1
Cmd: disassembleShader
  api=4 insize=25274 outsize=25274 ok=1
Cmd: disassembleShader
  api=4 insize=25274 outsize=25274 ok=1
Cmd: disassembleShader
  api=5 insize=9398 outsize=9398 ok=1
Cmd: disassembleShader
  api=5 insize=16677 outsize=16677 ok=1
Cmd: disassembleShader
  api=5 insize=8286 outsize=8286 ok=1
Cmd: disassembleShader
  api=5 insize=17173 outsize=17173 ok=1
Cmd: disassembleShader
  api=5 insize=9158 outsize=9158 ok=1
Cmd: disassembleShader
  api=5 insize=17699 outsize=17699 ok=1
Cmd: disassembleShader
  api=5 insize=11690 outsize=11690 ok=1
Cmd: disassembleShader
  api=5 insize=20224 outsize=20224 ok=1
Cmd: disassembleShader
  api=5 insize=11841 outsize=11841 ok=1
Cmd: disassembleShader
  api=5 insize=20732 outsize=20732 ok=1
Cmd: disassembleShader
  api=5 insize=12726 outsize=12726 ok=1
Cmd: disassembleShader
  api=5 insize=21294 outsize=21294 ok=1
Cmd: disassembleShader
  api=5 insize=3955 outsize=3955 ok=1
Cmd: disassembleShader
  api=5 insize=6463 outsize=6463 ok=1
Cmd: disassembleShader
  api=4 insize=10739 outsize=10739 ok=1
Cmd: disassembleShader
  api=5 insize=6709 outsize=6709 ok=1
Cmd: disassembleShader
  api=4 insize=10668 outsize=10668 ok=1
Cmd: disassembleShader
  api=4 insize=9212 outsize=9212 ok=1
Cmd: disassembleShader
  api=5 insize=6688 outsize=6688 ok=1
Cmd: disassembleShader
  api=4 insize=10818 outsize=10818 ok=1
Cmd: disassembleShader
  api=4 insize=10887 outsize=10887 ok=1
Cmd: disassembleShader
  api=5 insize=7908 outsize=7908 ok=1
Cmd: disassembleShader
  api=5 insize=3258 outsize=3258 ok=1
Cmd: disassembleShader
  api=4 insize=8963 outsize=8963 ok=1
Cmd: disassembleShader
  api=4 insize=9549 outsize=9549 ok=1
Cmd: disassembleShader
  api=5 insize=4262 outsize=4262 ok=1
Cmd: disassembleShader
  api=5 insize=3465 outsize=3465 ok=1
Cmd: disassembleShader
  api=5 insize=3929 outsize=3929 ok=1
Cmd: disassembleShader
  api=5 insize=3366 outsize=3366 ok=1
Cmd: disassembleShader
  api=5 insize=4206 outsize=4206 ok=1
Cmd: disassembleShader
  api=5 insize=4762 outsize=4762 ok=1
Cmd: disassembleShader
  api=5 insize=1835 outsize=1835 ok=1
Cmd: disassembleShader
  api=5 insize=2042 outsize=2042 ok=1
Cmd: disassembleShader
  api=5 insize=4034 outsize=4034 ok=1
Cmd: disassembleShader
  api=4 insize=10145 outsize=10145 ok=1
Cmd: disassembleShader
  api=4 insize=6565 outsize=6565 ok=1
Cmd: disassembleShader
  api=4 insize=10432 outsize=10432 ok=1
Cmd: disassembleShader
  api=5 insize=2216 outsize=2216 ok=1
Cmd: disassembleShader
  api=5 insize=3370 outsize=3370 ok=1
Cmd: disassembleShader
  api=5 insize=2289 outsize=2289 ok=1
Cmd: disassembleShader
  api=5 insize=3862 outsize=3862 ok=1
Cmd: disassembleShader
  api=4 insize=8271 outsize=8271 ok=1
Cmd: disassembleShader
  api=5 insize=2770 outsize=2770 ok=1
Cmd: disassembleShader
  api=5 insize=4114 outsize=4114 ok=1
Cmd: disassembleShader
  api=5 insize=3477 outsize=3477 ok=1
Cmd: disassembleShader
  api=5 insize=4385 outsize=4385 ok=1
Cmd: disassembleShader
  api=5 insize=1418 outsize=1418 ok=1
Cmd: disassembleShader
  api=5 insize=1684 outsize=1684 ok=1
Cmd: disassembleShader
  api=5 insize=2508 outsize=2508 ok=1
Cmd: disassembleShader
  api=5 insize=11280 outsize=11280 ok=1
Cmd: disassembleShader
  api=5 insize=13899 outsize=13899 ok=1
Cmd: disassembleShader
  api=4 insize=18592 outsize=18592 ok=1
Cmd: disassembleShader
  api=4 insize=18385 outsize=18385 ok=1
Cmd: disassembleShader
  api=4 insize=18293 outsize=18293 ok=1
Cmd: disassembleShader
  api=5 insize=14317 outsize=14317 ok=1
Cmd: disassembleShader
  api=5 insize=16203 outsize=16203 ok=1
Cmd: disassembleShader
  api=4 insize=20344 outsize=20344 ok=1
Cmd: disassembleShader
  api=5 insize=21855 outsize=21855 ok=1
Cmd: disassembleShader
  api=4 insize=24253 outsize=24253 ok=1
Cmd: disassembleShader
  api=4 insize=24119 outsize=24119 ok=1
Cmd: disassembleShader
  api=5 insize=23286 outsize=23286 ok=1
Cmd: disassembleShader
  api=5 insize=23300 outsize=23300 ok=1
Cmd: disassembleShader
  api=5 insize=22926 outsize=22926 ok=1
Cmd: disassembleShader
  api=5 insize=22940 outsize=22940 ok=1
Cmd: disassembleShader
  api=5 insize=11432 outsize=11432 ok=1
Cmd: disassembleShader
  api=5 insize=13367 outsize=13367 ok=1
Cmd: disassembleShader
  api=4 insize=17719 outsize=17719 ok=1
Cmd: disassembleShader
  api=4 insize=17527 outsize=17527 ok=1
Cmd: disassembleShader
  api=5 insize=14786 outsize=14786 ok=1
Cmd: disassembleShader
  api=5 insize=13787 outsize=13787 ok=1
Cmd: disassembleShader
  api=5 insize=15672 outsize=15672 ok=1
Cmd: disassembleShader
  api=4 insize=19470 outsize=19470 ok=1
Cmd: disassembleShader
  api=4 insize=23649 outsize=23649 ok=1
Cmd: disassembleShader
  api=5 insize=23053 outsize=23053 ok=1
Cmd: disassembleShader
  api=4 insize=25475 outsize=25475 ok=1
Cmd: disassembleShader
  api=5 insize=23106 outsize=23106 ok=1
Cmd: disassembleShader
  api=4 insize=25206 outsize=25206 ok=1
Cmd: disassembleShader
  api=4 insize=25457 outsize=25457 ok=1
Cmd: disassembleShader
  api=5 insize=25406 outsize=25406 ok=1
Cmd: disassembleShader
  api=4 insize=27198 outsize=27198 ok=1
Cmd: disassembleShader
  api=5 insize=14262 outsize=14262 ok=1
Cmd: disassembleShader
  api=4 insize=18553 outsize=18553 ok=1
Cmd: disassembleShader
  api=5 insize=13748 outsize=13748 ok=1
Cmd: disassembleShader
  api=4 insize=19215 outsize=19215 ok=1
Cmd: disassembleShader
  api=4 insize=19439 outsize=19439 ok=1
Cmd: disassembleShader
  api=5 insize=17251 outsize=17251 ok=1
Cmd: disassembleShader
  api=4 insize=21260 outsize=21260 ok=1
Cmd: disassembleShader
  api=5 insize=22931 outsize=22931 ok=1
Cmd: disassembleShader
  api=4 insize=25181 outsize=25181 ok=1
Cmd: disassembleShader
  api=4 insize=25052 outsize=25052 ok=1
Cmd: disassembleShader
  api=5 insize=22352 outsize=22352 ok=1
Cmd: disassembleShader
  api=5 insize=23311 outsize=23311 ok=1
Cmd: disassembleShader
  api=5 insize=25280 outsize=25280 ok=1
Cmd: disassembleShader
  api=4 insize=26961 outsize=26961 ok=1
Cmd: disassembleShader
  api=5 insize=10544 outsize=10544 ok=1
Cmd: disassembleShader
  api=5 insize=10633 outsize=10633 ok=1
Cmd: disassembleShader
  api=5 insize=11280 outsize=11280 ok=1
Cmd: disassembleShader
  api=5 insize=11744 outsize=11744 ok=1
Cmd: disassembleShader
  api=4 insize=16861 outsize=16861 ok=1
Cmd: disassembleShader
  api=5 insize=12188 outsize=12188 ok=1
Cmd: disassembleShader
  api=5 insize=12744 outsize=12744 ok=1
Cmd: disassembleShader
  api=5 insize=19077 outsize=19077 ok=1
Cmd: disassembleShader
  api=4 insize=22294 outsize=22294 ok=1
Cmd: disassembleShader
  api=4 insize=23146 outsize=23146 ok=1
Cmd: disassembleShader
  api=4 insize=23726 outsize=23726 ok=1
Cmd: disassembleShader
  api=4 insize=24033 outsize=24033 ok=1
Cmd: disassembleShader
  api=4 insize=23519 outsize=23519 ok=1
Cmd: disassembleShader
  api=4 insize=24193 outsize=24193 ok=1
Cmd: disassembleShader
  api=4 insize=25028 outsize=25028 ok=1
Cmd: disassembleShader
  api=4 insize=16513 outsize=16513 ok=1
Cmd: disassembleShader
  api=5 insize=10785 outsize=10785 ok=1
Cmd: disassembleShader
  api=4 insize=16285 outsize=16285 ok=1
Cmd: disassembleShader
  api=4 insize=16480 outsize=16480 ok=1
Cmd: disassembleShader
  api=4 insize=17293 outsize=17293 ok=1
Cmd: disassembleShader
  api=4 insize=18321 outsize=18321 ok=1
Cmd: disassembleShader
  api=4 insize=18641 outsize=18641 ok=1
Cmd: disassembleShader
  api=4 insize=18097 outsize=18097 ok=1
Cmd: disassembleShader
  api=5 insize=20054 outsize=20054 ok=1
Cmd: disassembleShader
  api=5 insize=19490 outsize=19490 ok=1
Cmd: disassembleShader
  api=4 insize=23998 outsize=23998 ok=1
Cmd: disassembleShader
  api=5 insize=20419 outsize=20419 ok=1
Cmd: disassembleShader
  api=5 insize=21740 outsize=21740 ok=1
Cmd: disassembleShader
  api=5 insize=22205 outsize=22205 ok=1
Cmd: disassembleShader
  api=5 insize=21641 outsize=21641 ok=1
Cmd: disassembleShader
  api=4 insize=17305 outsize=17305 ok=1
Cmd: disassembleShader
  api=4 insize=17616 outsize=17616 ok=1
Cmd: disassembleShader
  api=4 insize=17113 outsize=17113 ok=1
Cmd: disassembleShader
  api=4 insize=17285 outsize=17285 ok=1
Cmd: disassembleShader
  api=4 insize=18088 outsize=18088 ok=1
Cmd: disassembleShader
  api=4 insize=19122 outsize=19122 ok=1
Cmd: disassembleShader
  api=4 insize=19442 outsize=19442 ok=1
Cmd: disassembleShader
  api=4 insize=18913 outsize=18913 ok=1
Cmd: disassembleShader
  api=4 insize=23271 outsize=23271 ok=1
Cmd: disassembleShader
  api=4 insize=24083 outsize=24083 ok=1
Cmd: disassembleShader
  api=5 insize=20429 outsize=20429 ok=1
Cmd: disassembleShader
  api=5 insize=20985 outsize=20985 ok=1
Cmd: disassembleShader
  api=5 insize=22305 outsize=22305 ok=1
Cmd: disassembleShader
  api=4 insize=25145 outsize=25145 ok=1
Cmd: disassembleShader
  api=4 insize=25966 outsize=25966 ok=1
Cmd: disassembleShader
  api=5 insize=9121 outsize=9121 ok=1
Cmd: disassembleShader
  api=5 insize=17943 outsize=17943 ok=1
Cmd: disassembleShader
  api=5 insize=20328 outsize=20328 ok=1
Cmd: disassembleShader
  api=5 insize=10192 outsize=10192 ok=1
Cmd: disassembleShader
  api=5 insize=18455 outsize=18455 ok=1
Cmd: disassembleShader
  api=4 insize=22602 outsize=22602 ok=1
Cmd: disassembleShader
  api=4 insize=16277 outsize=16277 ok=1
Cmd: disassembleShader
  api=5 insize=19009 outsize=19009 ok=1
Cmd: disassembleShader
  api=5 insize=21405 outsize=21405 ok=1
Cmd: disassembleShader
  api=5 insize=11315 outsize=11315 ok=1
Cmd: disassembleShader
  api=5 insize=12045 outsize=12045 ok=1
Cmd: disassembleShader
  api=5 insize=12045 outsize=12045 ok=1
Cmd: disassembleShader
  api=5 insize=19903 outsize=19903 ok=1
Cmd: disassembleShader
  api=5 insize=20636 outsize=20636 ok=1
Cmd: disassembleShader
  api=5 insize=20636 outsize=20636 ok=1
Cmd: disassembleShader
  api=5 insize=11467 outsize=11467 ok=1
Cmd: disassembleShader
  api=5 insize=12197 outsize=12197 ok=1
Cmd: disassembleShader
  api=5 insize=12197 outsize=12197 ok=1
Cmd: disassembleShader
  api=5 insize=20410 outsize=20410 ok=1
Cmd: disassembleShader
  api=5 insize=21144 outsize=21144 ok=1
Cmd: disassembleShader
  api=5 insize=21144 outsize=21144 ok=1
Cmd: disassembleShader
  api=5 insize=12322 outsize=12322 ok=1
Cmd: disassembleShader
  api=4 insize=17911 outsize=17911 ok=1
Cmd: disassembleShader
  api=4 insize=18567 outsize=18567 ok=1
Cmd: disassembleShader
  api=4 insize=18567 outsize=18567 ok=1
Cmd: disassembleShader
  api=4 insize=24555 outsize=24555 ok=1
Cmd: disassembleShader
  api=4 insize=25274 outsize=25274 ok=1
Cmd: disassembleShader
  api=4 insize=25274 outsize=25274 ok=1
Cmd: disassembleShader
  api=5 insize=9398 outsize=9398 ok=1
Cmd: disassembleShader
  api=5 insize=16677 outsize=16677 ok=1
Cmd: disassembleShader
  api=5 insize=8286 outsize=8286 ok=1
Cmd: disassembleShader
  api=4 insize=22704 outsize=22704 ok=1
Cmd: disassembleShader
  api=4 insize=16267 outsize=16267 ok=1
Cmd: disassembleShader
  api=4 insize=23130 outsize=23130 ok=1
Cmd: disassembleShader
  api=5 insize=11690 outsize=11690 ok=1
Cmd: disassembleShader
  api=4 insize=22748 outsize=22748 ok=1
Cmd: disassembleShader
  api=4 insize=16236 outsize=16236 ok=1
Cmd: disassembleShader
  api=4 insize=23020 outsize=23020 ok=1
Cmd: disassembleShader
  api=4 insize=17105 outsize=17105 ok=1
Cmd: disassembleShader
  api=4 insize=23704 outsize=23704 ok=1
Cmd: disassembleShader
  api=5 insize=3955 outsize=3955 ok=1
Cmd: disassembleShader
  api=4 insize=9879 outsize=9879 ok=1
Cmd: disassembleShader
  api=5 insize=6477 outsize=6477 ok=1
Cmd: disassembleShader
  api=5 insize=5552 outsize=5552 ok=1
Cmd: disassembleShader
  api=5 insize=5566 outsize=5566 ok=1
Cmd: disassembleShader
  api=5 insize=4162 outsize=4162 ok=1
Cmd: disassembleShader
  api=4 insize=9960 outsize=9960 ok=1
Cmd: disassembleShader
  api=5 insize=6702 outsize=6702 ok=1
Cmd: disassembleShader
  api=5 insize=6055 outsize=6055 ok=1
Cmd: disassembleShader
  api=5 insize=6069 outsize=6069 ok=1
Cmd: disassembleShader
  api=5 insize=3258 outsize=3258 ok=1
Cmd: disassembleShader
  api=5 insize=3722 outsize=3722 ok=1
Cmd: disassembleShader
  api=5 insize=3159 outsize=3159 ok=1
Cmd: disassembleShader
  api=5 insize=3706 outsize=3706 ok=1
Cmd: disassembleShader
  api=5 insize=4262 outsize=4262 ok=1
Cmd: disassembleShader
  api=5 insize=3465 outsize=3465 ok=1
Cmd: disassembleShader
  api=5 insize=3929 outsize=3929 ok=1
Cmd: disassembleShader
  api=5 insize=3366 outsize=3366 ok=1
Cmd: disassembleShader
  api=5 insize=4206 outsize=4206 ok=1
Cmd: disassembleShader
  api=4 insize=10151 outsize=10151 ok=1
Cmd: disassembleShader
  api=4 insize=9616 outsize=9616 ok=1
Cmd: disassembleShader
  api=5 insize=1835 outsize=1835 ok=1
Cmd: disassembleShader
  api=4 insize=7819 outsize=7819 ok=1
Cmd: disassembleShader
  api=5 insize=4034 outsize=4034 ok=1
Cmd: disassembleShader
  api=5 insize=4943 outsize=4943 ok=1
Cmd: disassembleShader
  api=5 insize=4240 outsize=4240 ok=1
Cmd: disassembleShader
  api=5 insize=5445 outsize=5445 ok=1
Cmd: disassembleShader
  api=4 insize=10432 outsize=10432 ok=1
Cmd: disassembleShader
  api=5 insize=2216 outsize=2216 ok=1
Cmd: disassembleShader
  api=4 insize=8934 outsize=8934 ok=1
Cmd: disassembleShader
  api=4 insize=5193 outsize=5193 ok=1
Cmd: disassembleShader
  api=4 insize=9223 outsize=9223 ok=1
Cmd: disassembleShader
  api=5 insize=2770 outsize=2770 ok=1
Cmd: disassembleShader
  api=5 insize=2974 outsize=2974 ok=1
Cmd: disassembleShader
  api=5 insize=3477 outsize=3477 ok=1
Cmd: disassembleShader
  api=5 insize=4385 outsize=4385 ok=1
Cmd: disassembleShader
  api=5 insize=1418 outsize=1418 ok=1
Cmd: disassembleShader
  api=5 insize=1684 outsize=1684 ok=1
Cmd: disassembleShader
  api=5 insize=2508 outsize=2508 ok=1
Cmd: disassembleShader
  api=5 insize=11280 outsize=11280 ok=1
Cmd: disassembleShader
  api=4 insize=17723 outsize=17723 ok=1
Cmd: disassembleShader
  api=4 insize=18592 outsize=18592 ok=1
Cmd: disassembleShader
  api=5 insize=13952 outsize=13952 ok=1
Cmd: disassembleShader
  api=5 insize=12714 outsize=12714 ok=1
Cmd: disassembleShader
  api=5 insize=13635 outsize=13635 ok=1
Cmd: disassembleShader
  api=5 insize=15520 outsize=15520 ok=1
Cmd: disassembleShader
  api=4 insize=19360 outsize=19360 ok=1
Cmd: disassembleShader
  api=4 insize=23377 outsize=23377 ok=1
Cmd: disassembleShader
  api=5 insize=20536 outsize=20536 ok=1
Cmd: disassembleShader
  api=5 insize=20574 outsize=20574 ok=1
Cmd: disassembleShader
  api=4 insize=25068 outsize=25068 ok=1
Cmd: disassembleShader
  api=4 insize=25884 outsize=25884 ok=1
Cmd: disassembleShader
  api=4 insize=26112 outsize=26112 ok=1
Cmd: disassembleShader
  api=5 insize=24910 outsize=24910 ok=1
Cmd: disassembleShader
  api=5 insize=12114 outsize=12114 ok=1
Cmd: disassembleShader
  api=5 insize=12128 outsize=12128 ok=1
Cmd: disassembleShader
  api=5 insize=12168 outsize=12168 ok=1
Cmd: disassembleShader
  api=4 insize=18473 outsize=18473 ok=1
Cmd: disassembleShader
  api=5 insize=14800 outsize=14800 ok=1
Cmd: disassembleShader
  api=5 insize=14469 outsize=14469 ok=1
Cmd: disassembleShader
  api=5 insize=14483 outsize=14483 ok=1
Cmd: disassembleShader
  api=5 insize=20343 outsize=20343 ok=1
Cmd: disassembleShader
  api=5 insize=22365 outsize=22365 ok=1
Cmd: disassembleShader
  api=4 insize=24525 outsize=24525 ok=1
Cmd: disassembleShader
  api=4 insize=24391 outsize=24391 ok=1
Cmd: disassembleShader
  api=5 insize=23794 outsize=23794 ok=1
Cmd: disassembleShader
  api=4 insize=26156 outsize=26156 ok=1
Cmd: disassembleShader
  api=5 insize=24718 outsize=24718 ok=1
Cmd: disassembleShader
  api=4 insize=26271 outsize=26271 ok=1
Cmd: disassembleShader
  api=4 insize=17699 outsize=17699 ok=1
Cmd: disassembleShader
  api=5 insize=14947 outsize=14947 ok=1
Cmd: disassembleShader
  api=4 insize=19540 outsize=19540 ok=1
Cmd: disassembleShader
  api=4 insize=19322 outsize=19322 ok=1
Cmd: disassembleShader
  api=5 insize=15696 outsize=15696 ok=1
Cmd: disassembleShader
  api=5 insize=15365 outsize=15365 ok=1
Cmd: disassembleShader
  api=5 insize=15379 outsize=15379 ok=1
Cmd: disassembleShader
  api=5 insize=20908 outsize=20908 ok=1
Cmd: disassembleShader
  api=4 insize=25273 outsize=25273 ok=1
Cmd: disassembleShader
  api=5 insize=23633 outsize=23633 ok=1
Cmd: disassembleShader
  api=5 insize=22338 outsize=22338 ok=1
Cmd: disassembleShader
  api=5 insize=22352 outsize=22352 ok=1
Cmd: disassembleShader
  api=5 insize=23311 outsize=23311 ok=1
Cmd: disassembleShader
  api=4 insize=27068 outsize=27068 ok=1
Cmd: disassembleShader
  api=5 insize=25983 outsize=25983 ok=1
Cmd: disassembleShader
  api=5 insize=10544 outsize=10544 ok=1
Cmd: disassembleShader
  api=5 insize=10633 outsize=10633 ok=1
Cmd: disassembleShader
  api=5 insize=11280 outsize=11280 ok=1
Cmd: disassembleShader
  api=5 insize=11744 outsize=11744 ok=1
Cmd: disassembleShader
  api=5 insize=11181 outsize=11181 ok=1
Cmd: disassembleShader
  api=5 insize=12188 outsize=12188 ok=1
Cmd: disassembleShader
  api=4 insize=18553 outsize=18553 ok=1
Cmd: disassembleShader
  api=5 insize=19077 outsize=19077 ok=1
Cmd: disassembleShader
  api=5 insize=19542 outsize=19542 ok=1
Cmd: disassembleShader
  api=4 insize=23146 outsize=23146 ok=1
Cmd: disassembleShader
  api=4 insize=23726 outsize=23726 ok=1
Cmd: disassembleShader
  api=4 insize=24033 outsize=24033 ok=1
Cmd: disassembleShader
  api=4 insize=23519 outsize=23519 ok=1
Cmd: disassembleShader
  api=4 insize=24193 outsize=24193 ok=1
Cmd: disassembleShader
  api=4 insize=25028 outsize=25028 ok=1
Cmd: disassembleShader
  api=5 insize=10229 outsize=10229 ok=1
Cmd: disassembleShader
  api=5 insize=10785 outsize=10785 ok=1
Cmd: disassembleShader
  api=4 insize=16285 outsize=16285 ok=1
Cmd: disassembleShader
  api=4 insize=16480 outsize=16480 ok=1
Cmd: disassembleShader
  api=4 insize=17293 outsize=17293 ok=1
Cmd: disassembleShader
  api=5 insize=12340 outsize=12340 ok=1
Cmd: disassembleShader
  api=5 insize=12896 outsize=12896 ok=1
Cmd: disassembleShader
  api=5 insize=19589 outsize=19589 ok=1
Cmd: disassembleShader
  api=5 insize=20054 outsize=20054 ok=1
Cmd: disassembleShader
  api=5 insize=19490 outsize=19490 ok=1
Cmd: disassembleShader
  api=5 insize=19863 outsize=19863 ok=1
Cmd: disassembleShader
  api=5 insize=20419 outsize=20419 ok=1
Cmd: disassembleShader
  api=5 insize=21740 outsize=21740 ok=1
Cmd: disassembleShader
  api=5 insize=22205 outsize=22205 ok=1
Cmd: disassembleShader
  api=4 insize=25300 outsize=25300 ok=1
Cmd: disassembleShader
  api=5 insize=11124 outsize=11124 ok=1
Cmd: disassembleShader
  api=4 insize=17616 outsize=17616 ok=1
Cmd: disassembleShader
  api=5 insize=12327 outsize=12327 ok=1
Cmd: disassembleShader
  api=4 insize=17285 outsize=17285 ok=1
Cmd: disassembleShader
  api=4 insize=18088 outsize=18088 ok=1
Cmd: disassembleShader
  api=4 insize=19122 outsize=19122 ok=1
Cmd: disassembleShader
  api=5 insize=14167 outsize=14167 ok=1
Cmd: disassembleShader
  api=5 insize=13604 outsize=13604 ok=1
Cmd: disassembleShader
  api=5 insize=19687 outsize=19687 ok=1
Cmd: disassembleShader
  api=4 insize=24235 outsize=24235 ok=1
Cmd: disassembleShader
  api=4 insize=23753 outsize=23753 ok=1
Cmd: disassembleShader
  api=4 insize=23999 outsize=23999 ok=1
Cmd: disassembleShader
  api=4 insize=24798 outsize=24798 ok=1
Cmd: disassembleShader
  api=4 insize=25828 outsize=25828 ok=1
Cmd: disassembleShader
  api=4 insize=26126 outsize=26126 ok=1
Cmd: disassembleShader
  api=4 insize=25614 outsize=25614 ok=1
Cmd: disassembleShader
  api=5 insize=9121 outsize=9121 ok=1
Cmd: disassembleShader
  api=5 insize=17943 outsize=17943 ok=1
Cmd: disassembleShader
  api=5 insize=20328 outsize=20328 ok=1
Cmd: disassembleShader
  api=4 insize=15652 outsize=15652 ok=1
Cmd: disassembleShader
  api=4 insize=22310 outsize=22310 ok=1
Cmd: disassembleShader
  api=4 insize=23783 outsize=23783 ok=1
Cmd: disassembleShader
  api=4 insize=16523 outsize=16523 ok=1
Cmd: disassembleShader
  api=4 insize=22997 outsize=22997 ok=1
Cmd: disassembleShader
  api=4 insize=24441 outsize=24441 ok=1
Cmd: disassembleShader
  api=5 insize=11315 outsize=11315 ok=1
Cmd: disassembleShader
  api=5 insize=12045 outsize=12045 ok=1
Cmd: disassembleShader
  api=5 insize=12045 outsize=12045 ok=1
Cmd: disassembleShader
  api=5 insize=19903 outsize=19903 ok=1
Cmd: disassembleShader
  api=5 insize=20636 outsize=20636 ok=1
Cmd: disassembleShader
  api=5 insize=20636 outsize=20636 ok=1
Cmd: disassembleShader
  api=5 insize=11467 outsize=11467 ok=1
Cmd: disassembleShader
  api=5 insize=12197 outsize=12197 ok=1
Cmd: disassembleShader
  api=5 insize=12197 outsize=12197 ok=1
Cmd: disassembleShader
  api=5 insize=20410 outsize=20410 ok=1
Cmd: disassembleShader
  api=5 insize=21144 outsize=21144 ok=1
Cmd: disassembleShader
  api=5 insize=21144 outsize=21144 ok=1
Cmd: disassembleShader
  api=5 insize=12322 outsize=12322 ok=1
Cmd: disassembleShader
  api=4 insize=17911 outsize=17911 ok=1
Cmd: disassembleShader
  api=4 insize=18567 outsize=18567 ok=1
Cmd: disassembleShader
  api=4 insize=18567 outsize=18567 ok=1
Cmd: disassembleShader
  api=4 insize=24555 outsize=24555 ok=1
Cmd: disassembleShader
  api=5 insize=21670 outsize=21670 ok=1
Cmd: disassembleShader
  api=4 insize=25274 outsize=25274 ok=1
Cmd: disassembleShader
  api=5 insize=9398 outsize=9398 ok=1
Cmd: disassembleShader
  api=5 insize=16677 outsize=16677 ok=1
Cmd: disassembleShader
  api=5 insize=8286 outsize=8286 ok=1
Cmd: disassembleShader
  api=5 insize=17173 outsize=17173 ok=1
Cmd: disassembleShader
  api=5 insize=9158 outsize=9158 ok=1
Cmd: disassembleShader
  api=4 insize=23130 outsize=23130 ok=1
Cmd: disassembleShader
  api=5 insize=11690 outsize=11690 ok=1
Cmd: disassembleShader
  api=5 insize=20224 outsize=20224 ok=1
Cmd: disassembleShader
  api=5 insize=11841 outsize=11841 ok=1
Cmd: disassembleShader
  api=5 insize=20732 outsize=20732 ok=1
Cmd: disassembleShader
  api=5 insize=12726 outsize=12726 ok=1
Cmd: disassembleShader
  api=5 insize=21294 outsize=21294 ok=1
Cmd: disassembleShader
  api=5 insize=3955 outsize=3955 ok=1
Cmd: disassembleShader
  api=5 insize=6463 outsize=6463 ok=1
Cmd: disassembleShader
  api=4 insize=10739 outsize=10739 ok=1
Cmd: disassembleShader
  api=5 insize=6709 outsize=6709 ok=1
Cmd: disassembleShader
  api=4 insize=10668 outsize=10668 ok=1
Cmd: disassembleShader
  api=4 insize=9212 outsize=9212 ok=1
Cmd: disassembleShader
  api=5 insize=6688 outsize=6688 ok=1
Cmd: disassembleShader
  api=4 insize=10818 outsize=10818 ok=1
Cmd: disassembleShader
  api=5 insize=7211 outsize=7211 ok=1
Cmd: disassembleShader
  api=4 insize=10953 outsize=10953 ok=1
Cmd: disassembleShader
  api=5 insize=3258 outsize=3258 ok=1
Cmd: disassembleShader
  api=5 insize=3722 outsize=3722 ok=1
Cmd: disassembleShader
  api=5 insize=3159 outsize=3159 ok=1
Cmd: disassembleShader
  api=5 insize=3706 outsize=3706 ok=1
Cmd: disassembleShader
  api=5 insize=4262 outsize=4262 ok=1
Cmd: disassembleShader
  api=5 insize=3465 outsize=3465 ok=1
Cmd: disassembleShader
  api=5 insize=3929 outsize=3929 ok=1
Cmd: disassembleShader
  api=5 insize=3366 outsize=3366 ok=1
Cmd: disassembleShader
  api=4 insize=9844 outsize=9844 ok=1
Cmd: disassembleShader
  api=4 insize=10151 outsize=10151 ok=1
Cmd: disassembleShader
  api=4 insize=9616 outsize=9616 ok=1
Cmd: disassembleShader
  api=5 insize=1835 outsize=1835 ok=1
Cmd: disassembleShader
  api=5 insize=2042 outsize=2042 ok=1
Cmd: disassembleShader
  api=4 insize=8878 outsize=8878 ok=1
Cmd: disassembleShader
  api=5 insize=4034 outsize=4034 ok=1
Cmd: disassembleShader
  api=5 insize=4943 outsize=4943 ok=1
Cmd: disassembleShader
  api=5 insize=4240 outsize=4240 ok=1
Cmd: disassembleShader
  api=5 insize=5445 outsize=5445 ok=1
Cmd: disassembleShader
  api=5 insize=2216 outsize=2216 ok=1
Cmd: disassembleShader
  api=5 insize=3370 outsize=3370 ok=1
Cmd: disassembleShader
  api=5 insize=2289 outsize=2289 ok=1
Cmd: disassembleShader
  api=5 insize=3862 outsize=3862 ok=1
Cmd: disassembleShader
  api=5 insize=2770 outsize=2770 ok=1
Cmd: disassembleShader
  api=5 insize=2974 outsize=2974 ok=1
Cmd: disassembleShader
  api=5 insize=3477 outsize=3477 ok=1
Cmd: disassembleShader
  api=5 insize=4385 outsize=4385 ok=1
Cmd: disassembleShader
  api=5 insize=1418 outsize=1418 ok=1
Cmd: disassembleShader
  api=5 insize=1684 outsize=1684 ok=1
Cmd: disassembleShader
  api=5 insize=2508 outsize=2508 ok=1
Cmd: disassembleShader
  api=5 insize=11280 outsize=11280 ok=1
Cmd: disassembleShader
  api=4 insize=17723 outsize=17723 ok=1
Cmd: disassembleShader
  api=5 insize=13913 outsize=13913 ok=1
Cmd: disassembleShader
  api=5 insize=12700 outsize=12700 ok=1
Cmd: disassembleShader
  api=5 insize=12714 outsize=12714 ok=1
Cmd: disassembleShader
  api=5 insize=13635 outsize=13635 ok=1
Cmd: disassembleShader
  api=5 insize=15520 outsize=15520 ok=1
Cmd: disassembleShader
  api=4 insize=19360 outsize=19360 ok=1
Cmd: disassembleShader
  api=4 insize=23377 outsize=23377 ok=1
Cmd: disassembleShader
  api=5 insize=22544 outsize=22544 ok=1
Cmd: disassembleShader
  api=4 insize=25203 outsize=25203 ok=1
Cmd: disassembleShader
  api=4 insize=25068 outsize=25068 ok=1
Cmd: disassembleShader
  api=5 insize=23300 outsize=23300 ok=1
Cmd: disassembleShader
  api=5 insize=22926 outsize=22926 ok=1
Cmd: disassembleShader
  api=5 insize=22940 outsize=22940 ok=1
Cmd: disassembleShader
  api=5 insize=11432 outsize=11432 ok=1
Cmd: disassembleShader
  api=4 insize=17811 outsize=17811 ok=1
Cmd: disassembleShader
  api=5 insize=14065 outsize=14065 ok=1
Cmd: disassembleShader
  api=5 insize=12852 outsize=12852 ok=1
Cmd: disassembleShader
  api=5 insize=12866 outsize=12866 ok=1
Cmd: disassembleShader
  api=5 insize=13787 outsize=13787 ok=1
Cmd: disassembleShader
  api=4 insize=19581 outsize=19581 ok=1
Cmd: disassembleShader
  api=5 insize=16369 outsize=16369 ok=1
Cmd: disassembleShader
  api=5 insize=21032 outsize=21032 ok=1
Cmd: disassembleShader
  api=5 insize=21046 outsize=21046 ok=1
Cmd: disassembleShader
  api=5 insize=21084 outsize=21084 ok=1
Cmd: disassembleShader
  api=4 insize=25340 outsize=25340 ok=1
Cmd: disassembleShader
  api=4 insize=26156 outsize=26156 ok=1
Cmd: disassembleShader
  api=5 insize=24718 outsize=24718 ok=1
Cmd: disassembleShader
  api=4 insize=26271 outsize=26271 ok=1
Cmd: disassembleShader
  api=4 insize=17699 outsize=17699 ok=1
Cmd: disassembleShader
  api=5 insize=14947 outsize=14947 ok=1
Cmd: disassembleShader
  api=5 insize=14961 outsize=14961 ok=1
Cmd: disassembleShader
  api=5 insize=13748 outsize=13748 ok=1
Cmd: disassembleShader
  api=5 insize=13762 outsize=13762 ok=1
Cmd: disassembleShader
  api=5 insize=14683 outsize=14683 ok=1
Cmd: disassembleShader
  api=5 insize=16568 outsize=16568 ok=1
Cmd: disassembleShader
  api=4 insize=20253 outsize=20253 ok=1
Cmd: disassembleShader
  api=4 insize=24317 outsize=24317 ok=1
Cmd: disassembleShader
  api=5 insize=23619 outsize=23619 ok=1
Cmd: disassembleShader
  api=5 insize=21650 outsize=21650 ok=1
Cmd: disassembleShader
  api=5 insize=23671 outsize=23671 ok=1
Cmd: disassembleShader
  api=4 insize=25855 outsize=25855 ok=1
Cmd: disassembleShader
  api=4 insize=26141 outsize=26141 ok=1
Cmd: disassembleShader
  api=5 insize=24013 outsize=24013 ok=1
Cmd: disassembleShader
  api=5 insize=10544 outsize=10544 ok=1
Cmd: disassembleShader
  api=5 insize=10633 outsize=10633 ok=1
Cmd: disassembleShader
  api=5 insize=11280 outsize=11280 ok=1
Cmd: disassembleShader
  api=4 insize=16392 outsize=16392 ok=1
Cmd: disassembleShader
  api=5 insize=11181 outsize=11181 ok=1
Cmd: disassembleShader
  api=4 insize=18233 outsize=18233 ok=1
Cmd: disassembleShader
  api=4 insize=18553 outsize=18553 ok=1
Cmd: disassembleShader
  api=4 insize=18009 outsize=18009 ok=1
Cmd: disassembleShader
  api=4 insize=22294 outsize=22294 ok=1
Cmd: disassembleShader
  api=4 insize=23146 outsize=23146 ok=1
Cmd: disassembleShader
  api=4 insize=23726 outsize=23726 ok=1
Cmd: disassembleShader
  api=5 insize=19909 outsize=19909 ok=1
Cmd: disassembleShader
  api=4 insize=23519 outsize=23519 ok=1
Cmd: disassembleShader
  api=4 insize=24193 outsize=24193 ok=1
Cmd: disassembleShader
  api=4 insize=25028 outsize=25028 ok=1
Cmd: disassembleShader
  api=4 insize=16513 outsize=16513 ok=1
Cmd: disassembleShader
  api=4 insize=16809 outsize=16809 ok=1
Cmd: disassembleShader
  api=5 insize=11432 outsize=11432 ok=1
Cmd: disassembleShader
  api=5 insize=11896 outsize=11896 ok=1
Cmd: disassembleShader
  api=5 insize=11333 outsize=11333 ok=1
Cmd: disassembleShader
  api=5 insize=12340 outsize=12340 ok=1
Cmd: disassembleShader
  api=5 insize=12896 outsize=12896 ok=1
Cmd: disassembleShader
  api=5 insize=19589 outsize=19589 ok=1
Cmd: disassembleShader
  api=5 insize=20054 outsize=20054 ok=1
Cmd: disassembleShader
  api=4 insize=23418 outsize=23418 ok=1
Cmd: disassembleShader
  api=5 insize=19863 outsize=19863 ok=1
Cmd: disassembleShader
  api=5 insize=20419 outsize=20419 ok=1
Cmd: disassembleShader
  api=5 insize=21740 outsize=21740 ok=1
Cmd: disassembleShader
  api=5 insize=22205 outsize=22205 ok=1
Cmd: disassembleShader
  api=4 insize=25300 outsize=25300 ok=1
Cmd: disassembleShader
  api=4 insize=17305 outsize=17305 ok=1
Cmd: disassembleShader
  api=5 insize=11680 outsize=11680 ok=1
Cmd: disassembleShader
  api=5 insize=12327 outsize=12327 ok=1
Cmd: disassembleShader
  api=4 insize=17285 outsize=17285 ok=1
Cmd: disassembleShader
  api=4 insize=18088 outsize=18088 ok=1
Cmd: disassembleShader
  api=4 insize=19122 outsize=19122 ok=1
Cmd: disassembleShader
  api=4 insize=19442 outsize=19442 ok=1
Cmd: disassembleShader
  api=4 insize=18913 outsize=18913 ok=1
Cmd: disassembleShader
  api=4 insize=23271 outsize=23271 ok=1
Cmd: disassembleShader
  api=4 insize=24083 outsize=24083 ok=1
Cmd: disassembleShader
  api=5 insize=20429 outsize=20429 ok=1
Cmd: disassembleShader
  api=5 insize=20985 outsize=20985 ok=1
Cmd: disassembleShader
  api=5 insize=22305 outsize=22305 ok=1
Cmd: disassembleShader
  api=4 insize=25145 outsize=25145 ok=1
Cmd: disassembleShader
  api=4 insize=25966 outsize=25966 ok=1
Cmd: disassembleShader
  api=4 insize=15318 outsize=15318 ok=1
Cmd: disassembleShader
  api=5 insize=17943 outsize=17943 ok=1
Cmd: disassembleShader
  api=5 insize=20328 outsize=20328 ok=1
Cmd: disassembleShader
  api=5 insize=10192 outsize=10192 ok=1
Cmd: disassembleShader
  api=4 insize=16881 outsize=16881 ok=1
Cmd: disassembleShader
  api=4 insize=22602 outsize=22602 ok=1
Cmd: disassembleShader
  api=4 insize=16277 outsize=16277 ok=1
Cmd: disassembleShader
  api=5 insize=19009 outsize=19009 ok=1
Cmd: disassembleShader
  api=5 insize=21405 outsize=21405 ok=1
Cmd: disassembleShader
  api=5 insize=11315 outsize=11315 ok=1
Cmd: disassembleShader
  api=5 insize=12093 outsize=12093 ok=1
Cmd: disassembleShader
  api=4 insize=17749 outsize=17749 ok=1
Cmd: disassembleShader
  api=5 insize=19951 outsize=19951 ok=1
Cmd: disassembleShader
  api=5 insize=20684 outsize=20684 ok=1
Cmd: disassembleShader
  api=5 insize=20684 outsize=20684 ok=1
Cmd: disassembleShader
  api=5 insize=11515 outsize=11515 ok=1
Cmd: disassembleShader
  api=5 insize=12245 outsize=12245 ok=1
Cmd: disassembleShader
  api=5 insize=12245 outsize=12245 ok=1
Cmd: disassembleShader
  api=4 insize=23930 outsize=23930 ok=1
Cmd: disassembleShader
  api=4 insize=24673 outsize=24673 ok=1
Cmd: disassembleShader
  api=5 insize=21144 outsize=21144 ok=1
Cmd: disassembleShader
  api=4 insize=24637 outsize=24637 ok=1
Cmd: disassembleShader
  api=4 insize=18603 outsize=18603 ok=1
Cmd: disassembleShader
  api=4 insize=18603 outsize=18603 ok=1
Cmd: disassembleShader
  api=4 insize=24591 outsize=24591 ok=1
Cmd: disassembleShader
  api=4 insize=25310 outsize=25310 ok=1
Cmd: disassembleShader
  api=4 insize=25310 outsize=25310 ok=1
Cmd: disassembleShader
  api=5 insize=9398 outsize=9398 ok=1
Cmd: disassembleShader
  api=4 insize=22432 outsize=22432 ok=1
Cmd: disassembleShader
  api=5 insize=8286 outsize=8286 ok=1
Cmd: disassembleShader
  api=5 insize=17173 outsize=17173 ok=1
Cmd: disassembleShader
  api=5 insize=9158 outsize=9158 ok=1
Cmd: disassembleShader
  api=5 insize=17699 outsize=17699 ok=1
Cmd: disassembleShader
  api=5 insize=11690 outsize=11690 ok=1
Cmd: disassembleShader
  api=5 insize=20947 outsize=20947 ok=1
Cmd: disassembleShader
  api=5 insize=12568 outsize=12568 ok=1
Cmd: disassembleShader
  api=5 insize=21459 outsize=21459 ok=1
Cmd: disassembleShader
  api=5 insize=13456 outsize=13456 ok=1
Cmd: disassembleShader
  api=5 insize=22028 outsize=22028 ok=1
Cmd: disassembleShader
  api=5 insize=3955 outsize=3955 ok=1
Cmd: disassembleShader
  api=5 insize=4685 outsize=4685 ok=1
Cmd: disassembleShader
  api=5 insize=4870 outsize=4870 ok=1
Cmd: disassembleShader
  api=4 insize=10600 outsize=10600 ok=1
Cmd: disassembleShader
  api=4 insize=11446 outsize=11446 ok=1
Cmd: disassembleShader
  api=4 insize=9960 outsize=9960 ok=1
Cmd: disassembleShader
  api=5 insize=6702 outsize=6702 ok=1
Cmd: disassembleShader
  api=4 insize=10139 outsize=10139 ok=1
Cmd: disassembleShader
  api=5 insize=7894 outsize=7894 ok=1
Cmd: disassembleShader
  api=4 insize=11733 outsize=11733 ok=1
Cmd: disassembleShader
  api=5 insize=3258 outsize=3258 ok=1
Cmd: disassembleShader
  api=4 insize=9117 outsize=9117 ok=1
Cmd: disassembleShader
  api=4 insize=8593 outsize=8593 ok=1
Cmd: disassembleShader
  api=5 insize=4638 outsize=4638 ok=1
Cmd: disassembleShader
  api=5 insize=4074 outsize=4074 ok=1
Cmd: disassembleShader
  api=5 insize=2998 outsize=2998 ok=1
Cmd: disassembleShader
  api=5 insize=3554 outsize=3554 ok=1
Cmd: disassembleShader
  api=5 insize=4673 outsize=4673 ok=1
Cmd: disassembleShader
  api=5 insize=5138 outsize=5138 ok=1
Cmd: disassembleShader
  api=5 insize=4574 outsize=4574 ok=1
Cmd: disassembleShader
  api=5 insize=1835 outsize=1835 ok=1
Cmd: disassembleShader
  api=5 insize=3539 outsize=3539 ok=1
Cmd: disassembleShader
  api=5 insize=4034 outsize=4034 ok=1
Cmd: disassembleShader
  api=4 insize=10181 outsize=10181 ok=1
Cmd: disassembleShader
  api=4 insize=6601 outsize=6601 ok=1
Cmd: disassembleShader
  api=4 insize=10468 outsize=10468 ok=1
Cmd: disassembleShader
  api=5 insize=2216 outsize=2216 ok=1
Cmd: disassembleShader
  api=5 insize=2089 outsize=2089 ok=1
Cmd: disassembleShader
  api=4 insize=7069 outsize=7069 ok=1
Cmd: disassembleShader
  api=4 insize=8271 outsize=8271 ok=1
Cmd: disassembleShader
  api=5 insize=2770 outsize=2770 ok=1
Cmd: disassembleShader
  api=5 insize=2974 outsize=2974 ok=1
Cmd: disassembleShader
  api=5 insize=3477 outsize=3477 ok=1
Cmd: disassembleShader
  api=5 insize=4385 outsize=4385 ok=1
Cmd: disassembleShader
  api=5 insize=1418 outsize=1418 ok=1
Cmd: disassembleShader
  api=5 insize=1684 outsize=1684 ok=1
Cmd: disassembleShader
  api=5 insize=2508 outsize=2508 ok=1
Cmd: disassembleShader
  api=5 insize=11280 outsize=11280 ok=1
Cmd: disassembleShader
  api=5 insize=11976 outsize=11976 ok=1
Cmd: disassembleShader
  api=5 insize=12016 outsize=12016 ok=1
Cmd: disassembleShader
  api=4 insize=18385 outsize=18385 ok=1
Cmd: disassembleShader
  api=5 insize=14648 outsize=14648 ok=1
Cmd: disassembleShader
  api=5 insize=14317 outsize=14317 ok=1
Cmd: disassembleShader
  api=5 insize=16203 outsize=16203 ok=1
Cmd: disassembleShader
  api=4 insize=20344 outsize=20344 ok=1
Cmd: disassembleShader
  api=5 insize=21855 outsize=21855 ok=1
Cmd: disassembleShader
  api=4 insize=24253 outsize=24253 ok=1
Cmd: disassembleShader
  api=4 insize=24119 outsize=24119 ok=1
Cmd: disassembleShader
  api=5 insize=23286 outsize=23286 ok=1
Cmd: disassembleShader
  api=4 insize=25884 outsize=25884 ok=1
Cmd: disassembleShader
  api=5 insize=24207 outsize=24207 ok=1
Cmd: disassembleShader
  api=4 insize=25999 outsize=25999 ok=1
Cmd: disassembleShader
  api=4 insize=16865 outsize=16865 ok=1
Cmd: disassembleShader
  api=5 insize=14051 outsize=14051 ok=1
Cmd: disassembleShader
  api=4 insize=18665 outsize=18665 ok=1
Cmd: disassembleShader
  api=5 insize=14104 outsize=14104 ok=1
Cmd: disassembleShader
  api=4 insize=18381 outsize=18381 ok=1
Cmd: disassembleShader
  api=5 insize=14469 outsize=14469 ok=1
Cmd: disassembleShader
  api=5 insize=16355 outsize=16355 ok=1
Cmd: disassembleShader
  api=5 insize=20343 outsize=20343 ok=1
Cmd: disassembleShader
  api=5 insize=22365 outsize=22365 ok=1
Cmd: disassembleShader
  api=4 insize=24525 outsize=24525 ok=1
Cmd: disassembleShader
  api=4 insize=24391 outsize=24391 ok=1
Cmd: disassembleShader
  api=4 insize=25340 outsize=25340 ok=1
Cmd: disassembleShader
  api=5 insize=23808 outsize=23808 ok=1
Cmd: disassembleShader
  api=5 insize=23434 outsize=23434 ok=1
Cmd: disassembleShader
  api=5 insize=23448 outsize=23448 ok=1
Cmd: disassembleShader
  api=5 insize=12327 outsize=12327 ok=1
Cmd: disassembleShader
  api=4 insize=18660 outsize=18660 ok=1
Cmd: disassembleShader
  api=5 insize=14961 outsize=14961 ok=1
Cmd: disassembleShader
  api=5 insize=13748 outsize=13748 ok=1
Cmd: disassembleShader
  api=5 insize=13762 outsize=13762 ok=1
Cmd: disassembleShader
  api=5 insize=14683 outsize=14683 ok=1
Cmd: disassembleShader
  api=4 insize=20423 outsize=20423 ok=1
Cmd: disassembleShader
  api=5 insize=17265 outsize=17265 ok=1
Cmd: disassembleShader
  api=5 insize=21598 outsize=21598 ok=1
Cmd: disassembleShader
  api=5 insize=21612 outsize=21612 ok=1
Cmd: disassembleShader
  api=5 insize=21650 outsize=21650 ok=1
Cmd: disassembleShader
  api=4 insize=25987 outsize=25987 ok=1
Cmd: disassembleShader
  api=5 insize=24373 outsize=24373 ok=1
Cmd: disassembleShader
  api=5 insize=23999 outsize=23999 ok=1
Cmd: disassembleShader
  api=5 insize=24013 outsize=24013 ok=1
Cmd: disassembleShader
  api=5 insize=10544 outsize=10544 ok=1
Cmd: disassembleShader
  api=4 insize=16712 outsize=16712 ok=1
Cmd: disassembleShader
  api=4 insize=16188 outsize=16188 ok=1
Cmd: disassembleShader
  api=5 insize=11744 outsize=11744 ok=1
Cmd: disassembleShader
  api=5 insize=11181 outsize=11181 ok=1
Cmd: disassembleShader
  api=5 insize=12188 outsize=12188 ok=1
Cmd: disassembleShader
  api=4 insize=18553 outsize=18553 ok=1
Cmd: disassembleShader
  api=5 insize=19077 outsize=19077 ok=1
Cmd: disassembleShader
  api=5 insize=19542 outsize=19542 ok=1
Cmd: disassembleShader
  api=5 insize=18978 outsize=18978 ok=1
Cmd: disassembleShader
  api=5 insize=19353 outsize=19353 ok=1
Cmd: disassembleShader
  api=5 insize=19909 outsize=19909 ok=1
Cmd: disassembleShader
  api=5 insize=21230 outsize=21230 ok=1
Cmd: disassembleShader
  api=4 insize=24193 outsize=24193 ok=1
Cmd: disassembleShader
  api=4 insize=25028 outsize=25028 ok=1
Cmd: disassembleShader
  api=4 insize=16513 outsize=16513 ok=1
Cmd: disassembleShader
  api=4 insize=16809 outsize=16809 ok=1
Cmd: disassembleShader
  api=4 insize=16285 outsize=16285 ok=1
Cmd: disassembleShader
  api=5 insize=11896 outsize=11896 ok=1
Cmd: disassembleShader
  api=5 insize=11333 outsize=11333 ok=1
Cmd: disassembleShader
  api=4 insize=18321 outsize=18321 ok=1
Cmd: disassembleShader
  api=4 insize=18641 outsize=18641 ok=1
Cmd: disassembleShader
  api=4 insize=18097 outsize=18097 ok=1
Cmd: disassembleShader
  api=5 insize=20054 outsize=20054 ok=1
Cmd: disassembleShader
  api=4 insize=23418 outsize=23418 ok=1
Cmd: disassembleShader
  api=4 insize=23998 outsize=23998 ok=1
Cmd: disassembleShader
  api=4 insize=24305 outsize=24305 ok=1
Cmd: disassembleShader
  api=4 insize=23791 outsize=23791 ok=1
Cmd: disassembleShader
  api=4 insize=24465 outsize=24465 ok=1
Cmd: disassembleShader
  api=4 insize=25300 outsize=25300 ok=1
Cmd: disassembleShader
  api=4 insize=17305 outsize=17305 ok=1
Cmd: disassembleShader
  api=4 insize=17616 outsize=17616 ok=1
Cmd: disassembleShader
  api=4 insize=17113 outsize=17113 ok=1
Cmd: disassembleShader
  api=4 insize=17285 outsize=17285 ok=1
Cmd: disassembleShader
  api=5 insize=12228 outsize=12228 ok=1
Cmd: disassembleShader
  api=4 insize=19122 outsize=19122 ok=1
Cmd: disassembleShader
  api=4 insize=19442 outsize=19442 ok=1
Cmd: disassembleShader
  api=5 insize=20154 outsize=20154 ok=1
Cmd: disassembleShader
  api=5 insize=20619 outsize=20619 ok=1
Cmd: disassembleShader
  api=4 insize=24083 outsize=24083 ok=1
Cmd: disassembleShader
  api=4 insize=24660 outsize=24660 ok=1
Cmd: disassembleShader
  api=4 insize=24950 outsize=24950 ok=1
Cmd: disassembleShader
  api=4 insize=24468 outsize=24468 ok=1
Cmd: disassembleShader
  api=4 insize=25145 outsize=25145 ok=1
Cmd: disassembleShader
  api=4 insize=25966 outsize=25966 ok=1
Cmd: disassembleShader
  api=4 insize=15318 outsize=15318 ok=1
Cmd: disassembleShader
  api=5 insize=17943 outsize=17943 ok=1
Cmd: disassembleShader
  api=5 insize=20328 outsize=20328 ok=1
Cmd: disassembleShader
  api=5 insize=10192 outsize=10192 ok=1
Cmd: disassembleShader
  api=5 insize=18455 outsize=18455 ok=1
Cmd: disassembleShader
  api=4 insize=22602 outsize=22602 ok=1
Cmd: disassembleShader
  api=5 insize=11076 outsize=11076 ok=1
Cmd: disassembleShader
  api=4 insize=17723 outsize=17723 ok=1
Cmd: disassembleShader
  api=4 insize=23285 outsize=23285 ok=1
Cmd: disassembleShader
  api=5 insize=11315 outsize=11315 ok=1
Cmd: disassembleShader
  api=5 insize=12093 outsize=12093 ok=1
Cmd: disassembleShader
  api=5 insize=12093 outsize=12093 ok=1
Cmd: disassembleShader
  api=5 insize=19951 outsize=19951 ok=1
Cmd: disassembleShader
  api=5 insize=20684 outsize=20684 ok=1
Cmd: disassembleShader
  api=5 insize=20684 outsize=20684 ok=1
Cmd: disassembleShader
  api=5 insize=11515 outsize=11515 ok=1
Cmd: disassembleShader
  api=4 insize=17861 outsize=17861 ok=1
Cmd: disassembleShader
  api=4 insize=17861 outsize=17861 ok=1
Cmd: disassembleShader
  api=4 insize=23930 outsize=23930 ok=1
Cmd: disassembleShader
  api=4 insize=24673 outsize=24673 ok=1
Cmd: disassembleShader
  api=4 insize=24673 outsize=24673 ok=1
Cmd: disassembleShader
  api=4 insize=17947 outsize=17947 ok=1
Cmd: disassembleShader
  api=4 insize=18603 outsize=18603 ok=1
Cmd: disassembleShader
  api=4 insize=18603 outsize=18603 ok=1
Cmd: disassembleShader
  api=4 insize=24591 outsize=24591 ok=1
Cmd: disassembleShader
  api=4 insize=25310 outsize=25310 ok=1
Cmd: disassembleShader
  api=4 insize=25310 outsize=25310 ok=1
Cmd: disassembleShader
  api=5 insize=9398 outsize=9398 ok=1
Cmd: disassembleShader
  api=5 insize=18272 outsize=18272 ok=1
Cmd: disassembleShader
  api=5 insize=9548 outsize=9548 ok=1
Cmd: disassembleShader
  api=4 insize=14783 outsize=14783 ok=1
Cmd: disassembleShader
  api=4 insize=21396 outsize=21396 ok=1
Cmd: disassembleShader
  api=4 insize=15444 outsize=15444 ok=1
Cmd: disassembleShader
  api=4 insize=21820 outsize=21820 ok=1
Cmd: disassembleShader
  api=5 insize=11690 outsize=11690 ok=1
Cmd: disassembleShader
  api=4 insize=22748 outsize=22748 ok=1
Cmd: disassembleShader
  api=4 insize=16236 outsize=16236 ok=1
Cmd: disassembleShader
  api=4 insize=23020 outsize=23020 ok=1
Cmd: disassembleShader
  api=4 insize=17105 outsize=17105 ok=1
Cmd: disassembleShader
  api=4 insize=23704 outsize=23704 ok=1
Cmd: disassembleShader
  api=5 insize=3955 outsize=3955 ok=1
Cmd: disassembleShader
  api=5 insize=6463 outsize=6463 ok=1
Cmd: disassembleShader
  api=4 insize=10739 outsize=10739 ok=1
Cmd: disassembleShader
  api=5 insize=6709 outsize=6709 ok=1
Cmd: disassembleShader
  api=4 insize=10668 outsize=10668 ok=1
Cmd: disassembleShader
  api=4 insize=9212 outsize=9212 ok=1
Cmd: disassembleShader
  api=4 insize=10042 outsize=10042 ok=1
Cmd: disassembleShader
  api=4 insize=10139 outsize=10139 ok=1
Cmd: disassembleShader
  api=5 insize=7894 outsize=7894 ok=1
Cmd: disassembleShader
  api=4 insize=11733 outsize=11733 ok=1
Cmd: disassembleShader
  api=5 insize=3258 outsize=3258 ok=1
Cmd: disassembleShader
  api=4 insize=9117 outsize=9117 ok=1
Cmd: disassembleShader
  api=4 insize=8593 outsize=8593 ok=1
Cmd: disassembleShader
  api=4 insize=8839 outsize=8839 ok=1
Cmd: disassembleShader
  api=4 insize=9691 outsize=9691 ok=1
Cmd: disassembleShader
  api=4 insize=8917 outsize=8917 ok=1
Cmd: disassembleShader
  api=4 insize=9213 outsize=9213 ok=1
Cmd: disassembleShader
  api=4 insize=8689 outsize=8689 ok=1
Cmd: disassembleShader
  api=4 insize=9134 outsize=9134 ok=1
Cmd: disassembleShader
  api=5 insize=4574 outsize=4574 ok=1
Cmd: disassembleShader
  api=5 insize=1835 outsize=1835 ok=1
Cmd: disassembleShader
  api=4 insize=7819 outsize=7819 ok=1
Cmd: disassembleShader
  api=5 insize=4034 outsize=4034 ok=1
Cmd: disassembleShader
  api=4 insize=10181 outsize=10181 ok=1
Cmd: disassembleShader
  api=4 insize=6601 outsize=6601 ok=1
Cmd: disassembleShader
  api=4 insize=10468 outsize=10468 ok=1
Cmd: disassembleShader
  api=5 insize=2216 outsize=2216 ok=1
Cmd: disassembleShader
  api=5 insize=2089 outsize=2089 ok=1
Cmd: disassembleShader
  api=5 insize=1034 outsize=1034 ok=1
Cmd: disassembleShader
  api=5 insize=2566 outsize=2566 ok=1
Cmd: disassembleShader
  api=5 insize=2770 outsize=2770 ok=1
Cmd: disassembleShader
  api=5 insize=4114 outsize=4114 ok=1
Cmd: disassembleShader
  api=5 insize=3477 outsize=3477 ok=1
Cmd: disassembleShader
  api=4 insize=10487 outsize=10487 ok=1
Cmd: disassembleShader
  api=5 insize=1418 outsize=1418 ok=1
Cmd: disassembleShader
  api=5 insize=1684 outsize=1684 ok=1
Cmd: disassembleShader
  api=5 insize=2508 outsize=2508 ok=1
Cmd: disassembleShader
  api=5 insize=11280 outsize=11280 ok=1
Cmd: disassembleShader
  api=4 insize=17631 outsize=17631 ok=1
Cmd: disassembleShader
  api=4 insize=17439 outsize=17439 ok=1
Cmd: disassembleShader
  api=5 insize=14634 outsize=14634 ok=1
Cmd: disassembleShader
  api=4 insize=19254 outsize=19254 ok=1
Cmd: disassembleShader
  api=4 insize=19508 outsize=19508 ok=1
Cmd: disassembleShader
  api=5 insize=16217 outsize=16217 ok=1
Cmd: disassembleShader
  api=5 insize=20522 outsize=20522 ok=1
Cmd: disassembleShader
  api=5 insize=20536 outsize=20536 ok=1
Cmd: disassembleShader
  api=5 insize=20574 outsize=20574 ok=1
Cmd: disassembleShader
  api=4 insize=25068 outsize=25068 ok=1
Cmd: disassembleShader
  api=5 insize=23300 outsize=23300 ok=1
Cmd: disassembleShader
  api=5 insize=22926 outsize=22926 ok=1
Cmd: disassembleShader
  api=5 insize=22940 outsize=22940 ok=1
Cmd: disassembleShader
  api=5 insize=11432 outsize=11432 ok=1
Cmd: disassembleShader
  api=5 insize=13367 outsize=13367 ok=1
Cmd: disassembleShader
  api=4 insize=17719 outsize=17719 ok=1
Cmd: disassembleShader
  api=4 insize=17527 outsize=17527 ok=1
Cmd: disassembleShader
  api=5 insize=14786 outsize=14786 ok=1
Cmd: disassembleShader
  api=4 insize=19327 outsize=19327 ok=1
Cmd: disassembleShader
  api=5 insize=15672 outsize=15672 ok=1
Cmd: disassembleShader
  api=4 insize=19470 outsize=19470 ok=1
Cmd: disassembleShader
  api=5 insize=20343 outsize=20343 ok=1
Cmd: disassembleShader
  api=4 insize=24619 outsize=24619 ok=1
Cmd: disassembleShader
  api=5 insize=23067 outsize=23067 ok=1
Cmd: disassembleShader
  api=4 insize=24391 outsize=24391 ok=1
Cmd: disassembleShader
  api=5 insize=23794 outsize=23794 ok=1
Cmd: disassembleShader
  api=4 insize=26156 outsize=26156 ok=1
Cmd: disassembleShader
  api=5 insize=24718 outsize=24718 ok=1
Cmd: disassembleShader
  api=4 insize=26271 outsize=26271 ok=1
Cmd: disassembleShader
  api=4 insize=17699 outsize=17699 ok=1
Cmd: disassembleShader
  api=5 insize=14947 outsize=14947 ok=1
Cmd: disassembleShader
  api=5 insize=14961 outsize=14961 ok=1
Cmd: disassembleShader
  api=5 insize=13748 outsize=13748 ok=1
Cmd: disassembleShader
  api=4 insize=19215 outsize=19215 ok=1
Cmd: disassembleShader
  api=4 insize=19439 outsize=19439 ok=1
Cmd: disassembleShader
  api=5 insize=17251 outsize=17251 ok=1
Cmd: disassembleShader
  api=4 insize=21260 outsize=21260 ok=1
Cmd: disassembleShader
  api=4 insize=25273 outsize=25273 ok=1
Cmd: disassembleShader
  api=5 insize=23633 outsize=23633 ok=1
Cmd: disassembleShader
  api=5 insize=22338 outsize=22338 ok=1
Cmd: disassembleShader
  api=5 insize=22352 outsize=22352 ok=1
Cmd: disassembleShader
  api=5 insize=23311 outsize=23311 ok=1
Cmd: disassembleShader
  api=4 insize=27068 outsize=27068 ok=1
Cmd: disassembleShader
  api=4 insize=26961 outsize=26961 ok=1
Cmd: disassembleShader
  api=5 insize=10544 outsize=10544 ok=1
Cmd: disassembleShader
  api=5 insize=10633 outsize=10633 ok=1
Cmd: disassembleShader
  api=5 insize=11280 outsize=11280 ok=1
Cmd: disassembleShader
  api=5 insize=11744 outsize=11744 ok=1
Cmd: disassembleShader
  api=5 insize=11181 outsize=11181 ok=1
Cmd: disassembleShader
  api=4 insize=18233 outsize=18233 ok=1
Cmd: disassembleShader
  api=4 insize=18553 outsize=18553 ok=1
Cmd: disassembleShader
  api=5 insize=19077 outsize=19077 ok=1
Cmd: disassembleShader
  api=4 insize=22294 outsize=22294 ok=1
Cmd: disassembleShader
  api=4 insize=23146 outsize=23146 ok=1
Cmd: disassembleShader
  api=4 insize=23726 outsize=23726 ok=1
Cmd: disassembleShader
  api=4 insize=24033 outsize=24033 ok=1
Cmd: disassembleShader
  api=4 insize=23519 outsize=23519 ok=1
Cmd: disassembleShader
  api=4 insize=24193 outsize=24193 ok=1
Cmd: disassembleShader
  api=4 insize=25028 outsize=25028 ok=1
Cmd: disassembleShader
  api=5 insize=10229 outsize=10229 ok=1
Cmd: disassembleShader
  api=5 insize=10785 outsize=10785 ok=1
Cmd: disassembleShader
  api=4 insize=16285 outsize=16285 ok=1
Cmd: disassembleShader
  api=4 insize=16480 outsize=16480 ok=1
Cmd: disassembleShader
  api=4 insize=17293 outsize=17293 ok=1
Cmd: disassembleShader
  api=4 insize=18321 outsize=18321 ok=1
Cmd: disassembleShader
  api=4 insize=18641 outsize=18641 ok=1
Cmd: disassembleShader
  api=5 insize=19589 outsize=19589 ok=1
Cmd: disassembleShader
  api=5 insize=20054 outsize=20054 ok=1
Cmd: disassembleShader
  api=4 insize=23418 outsize=23418 ok=1
Cmd: disassembleShader
  api=4 insize=23998 outsize=23998 ok=1
Cmd: disassembleShader
  api=4 insize=24305 outsize=24305 ok=1
Cmd: disassembleShader
  api=4 insize=23791 outsize=23791 ok=1
Cmd: disassembleShader
  api=4 insize=24465 outsize=24465 ok=1
Cmd: disassembleShader
  api=4 insize=25300 outsize=25300 ok=1
Cmd: disassembleShader
  api=4 insize=17305 outsize=17305 ok=1
Cmd: disassembleShader
  api=4 insize=17616 outsize=17616 ok=1
Cmd: disassembleShader
  api=4 insize=17113 outsize=17113 ok=1
Cmd: disassembleShader
  api=4 insize=17285 outsize=17285 ok=1
Cmd: disassembleShader
  api=4 insize=18088 outsize=18088 ok=1
Cmd: disassembleShader
  api=5 insize=13236 outsize=13236 ok=1
Cmd: disassembleShader
  api=5 insize=13792 outsize=13792 ok=1
Cmd: disassembleShader
  api=4 insize=18913 outsize=18913 ok=1
Cmd: disassembleShader
  api=4 insize=23271 outsize=23271 ok=1
Cmd: disassembleShader
  api=4 insize=24083 outsize=24083 ok=1
Cmd: disassembleShader
  api=4 insize=24660 outsize=24660 ok=1
Cmd: disassembleShader
  api=4 insize=24950 outsize=24950 ok=1
Cmd: disassembleShader
  api=4 insize=24468 outsize=24468 ok=1
Cmd: disassembleShader
  api=4 insize=25145 outsize=25145 ok=1
Cmd: disassembleShader
  api=5 insize=22206 outsize=22206 ok=1
Cmd: disassembleShader
  api=5 insize=9121 outsize=9121 ok=1
Cmd: disassembleShader
  api=5 insize=17943 outsize=17943 ok=1
Cmd: disassembleShader
  api=5 insize=20328 outsize=20328 ok=1
Cmd: disassembleShader
  api=5 insize=10192 outsize=10192 ok=1
Cmd: disassembleShader
  api=5 insize=18455 outsize=18455 ok=1
Cmd: disassembleShader
  api=5 insize=20837 outsize=20837 ok=1
Cmd: disassembleShader
  api=5 insize=11076 outsize=11076 ok=1
Cmd: disassembleShader
  api=5 insize=19009 outsize=19009 ok=1
Cmd: disassembleShader
  api=5 insize=21405 outsize=21405 ok=1
Cmd: disassembleShader
  api=5 insize=11315 outsize=11315 ok=1
Cmd: disassembleShader
  api=5 insize=12093 outsize=12093 ok=1
Cmd: disassembleShader
  api=5 insize=12093 outsize=12093 ok=1
Cmd: disassembleShader
  api=5 insize=19951 outsize=19951 ok=1
Cmd: disassembleShader
  api=5 insize=20684 outsize=20684 ok=1
Cmd: disassembleShader
  api=5 insize=20684 outsize=20684 ok=1
Cmd: disassembleShader
  api=5 insize=11515 outsize=11515 ok=1
Cmd: disassembleShader
  api=5 insize=12245 outsize=12245 ok=1
Cmd: disassembleShader
  api=5 insize=12245 outsize=12245 ok=1
Cmd: disassembleShader
  api=5 insize=20458 outsize=20458 ok=1
Cmd: disassembleShader
  api=5 insize=21192 outsize=21192 ok=1
Cmd: disassembleShader
  api=5 insize=21192 outsize=21192 ok=1
Cmd: disassembleShader
  api=5 insize=12370 outsize=12370 ok=1
Cmd: disassembleShader
  api=4 insize=18603 outsize=18603 ok=1
Cmd: disassembleShader
  api=5 insize=13102 outsize=13102 ok=1
Cmd: disassembleShader
  api=5 insize=20984 outsize=20984 ok=1
Cmd: disassembleShader
  api=5 insize=21718 outsize=21718 ok=1
Cmd: disassembleShader
  api=4 insize=25310 outsize=25310 ok=1
Cmd: disassembleShader
  api=4 insize=12058 outsize=12058 ok=1
Cmd: disassembleShader
  api=4 insize=22432 outsize=22432 ok=1
Cmd: disassembleShader
  api=4 insize=12155 outsize=12155 ok=1
Cmd: disassembleShader
  api=5 insize=17173 outsize=17173 ok=1
Cmd: disassembleShader
  api=5 insize=9158 outsize=9158 ok=1
Cmd: disassembleShader
  api=5 insize=17699 outsize=17699 ok=1
Cmd: disassembleShader
  api=5 insize=11690 outsize=11690 ok=1
Cmd: disassembleShader
  api=5 insize=20947 outsize=20947 ok=1
Cmd: disassembleShader
  api=5 insize=12568 outsize=12568 ok=1
Cmd: disassembleShader
  api=5 insize=21459 outsize=21459 ok=1
Cmd: disassembleShader
  api=5 insize=13456 outsize=13456 ok=1
Cmd: disassembleShader
  api=5 insize=22028 outsize=22028 ok=1
Cmd: disassembleShader
  api=5 insize=3955 outsize=3955 ok=1
Cmd: disassembleShader
  api=5 insize=4685 outsize=4685 ok=1
Cmd: disassembleShader
  api=5 insize=4870 outsize=4870 ok=1
Cmd: disassembleShader
  api=4 insize=10600 outsize=10600 ok=1
Cmd: disassembleShader
  api=4 insize=11446 outsize=11446 ok=1
Cmd: disassembleShader
  api=5 insize=6004 outsize=6004 ok=1
Cmd: disassembleShader
  api=4 insize=10042 outsize=10042 ok=1
Cmd: disassembleShader
  api=4 insize=10139 outsize=10139 ok=1
Cmd: disassembleShader
  api=5 insize=7894 outsize=7894 ok=1
Cmd: disassembleShader
  api=4 insize=11733 outsize=11733 ok=1
Cmd: disassembleShader
  api=5 insize=3258 outsize=3258 ok=1
Cmd: disassembleShader
  api=5 insize=3347 outsize=3347 ok=1
Cmd: disassembleShader
  api=5 insize=4173 outsize=4173 ok=1
Cmd: disassembleShader
  api=5 insize=4638 outsize=4638 ok=1
Cmd: disassembleShader
  api=5 insize=4074 outsize=4074 ok=1
Cmd: disassembleShader
  api=5 insize=2998 outsize=2998 ok=1
Cmd: disassembleShader
  api=5 insize=3554 outsize=3554 ok=1
Cmd: disassembleShader
  api=4 insize=8689 outsize=8689 ok=1
Cmd: disassembleShader
  api=4 insize=9134 outsize=9134 ok=1
Cmd: disassembleShader
  api=4 insize=9986 outsize=9986 ok=1
Cmd: disassembleShader
  api=5 insize=1835 outsize=1835 ok=1
Cmd: disassembleShader
  api=5 insize=3539 outsize=3539 ok=1
Cmd: disassembleShader
  api=5 insize=4034 outsize=4034 ok=1
Cmd: disassembleShader
  api=5 insize=4991 outsize=4991 ok=1
Cmd: disassembleShader
  api=5 insize=4288 outsize=4288 ok=1
Cmd: disassembleShader
  api=4 insize=10468 outsize=10468 ok=1
Cmd: disassembleShader
  api=5 insize=2216 outsize=2216 ok=1
Cmd: disassembleShader
  api=5 insize=2089 outsize=2089 ok=1
Cmd: disassembleShader
  api=4 insize=5193 outsize=5193 ok=1
Cmd: disassembleShader
  api=4 insize=9223 outsize=9223 ok=1
Cmd: disassembleShader
  api=5 insize=2770 outsize=2770 ok=1
Cmd: disassembleShader
  api=4 insize=8400 outsize=8400 ok=1
Cmd: disassembleShader
  api=5 insize=3477 outsize=3477 ok=1
Cmd: disassembleShader
  api=4 insize=10487 outsize=10487 ok=1
Cmd: disassembleShader
  api=5 insize=1418 outsize=1418 ok=1
Cmd: disassembleShader
  api=5 insize=1684 outsize=1684 ok=1
Cmd: disassembleShader
  api=5 insize=2508 outsize=2508 ok=1
Cmd: disassembleShader
  api=4 insize=13413 outsize=13413 ok=1
Cmd: disassembleShader
  api=4 insize=14307 outsize=14307 ok=1
Cmd: disassembleShader
  api=4 insize=13782 outsize=13782 ok=1
Cmd: disassembleShader
  api=4 insize=12760 outsize=12760 ok=1
Cmd: disassembleShader
  api=4 insize=13340 outsize=13340 ok=1
Cmd: disassembleShader
  api=4 insize=14430 outsize=14430 ok=1
Cmd: disassembleShader
  api=4 insize=5105 outsize=5105 ok=1
Cmd: disassembleShader
  api=5 insize=3651 outsize=3651 ok=1
Cmd: disassembleShader
  api=5 insize=6452 outsize=6452 ok=1
Cmd: disassembleShader
  api=5 insize=8171 outsize=8171 ok=1
Cmd: disassembleShader
  api=5 insize=8787 outsize=8787 ok=1
Cmd: disassembleShader
  api=5 insize=7005 outsize=7005 ok=1
Cmd: disassembleShader
  api=4 insize=13957 outsize=13957 ok=1
Cmd: disassembleShader
  api=5 insize=4346 outsize=4346 ok=1
Cmd: disassembleShader
  api=5 insize=4488 outsize=4488 ok=1
Cmd: disassembleShader
  api=4 insize=11814 outsize=11814 ok=1
Cmd: disassembleShader
  api=5 insize=4436 outsize=4436 ok=1
Cmd: disassembleShader
  api=5 insize=5253 outsize=5253 ok=1
Cmd: disassembleShader
  api=5 insize=4838 outsize=4838 ok=1
Cmd: disassembleShader
  api=5 insize=2081 outsize=2081 ok=1
Cmd: disassembleShader
  api=5 insize=3651 outsize=3651 ok=1
Cmd: disassembleShader
  api=5 insize=3332 outsize=3332 ok=1
Cmd: disassembleShader
  api=4 insize=7395 outsize=7395 ok=1
Cmd: disassembleShader
  api=5 insize=1230 outsize=1230 ok=1
Cmd: disassembleShader
  api=5 insize=1496 outsize=1496 ok=1
Cmd: disassembleShader
  api=5 insize=2081 outsize=2081 ok=1
Cmd: disassembleShader
  api=4 insize=13413 outsize=13413 ok=1
Cmd: disassembleShader
  api=4 insize=14307 outsize=14307 ok=1
Cmd: disassembleShader
  api=4 insize=15282 outsize=15282 ok=1
Cmd: disassembleShader
  api=4 insize=12760 outsize=12760 ok=1
Cmd: disassembleShader
  api=4 insize=13340 outsize=13340 ok=1
Cmd: disassembleShader
  api=4 insize=14632 outsize=14632 ok=1
Cmd: disassembleShader
  api=4 insize=5105 outsize=5105 ok=1
Cmd: disassembleShader
  api=5 insize=3651 outsize=3651 ok=1
Cmd: disassembleShader
  api=5 insize=6452 outsize=6452 ok=1
Cmd: disassembleShader
  api=5 insize=8171 outsize=8171 ok=1
Cmd: disassembleShader
  api=5 insize=8787 outsize=8787 ok=1
Cmd: disassembleShader
  api=5 insize=7005 outsize=7005 ok=1
Cmd: disassembleShader
  api=5 insize=7005 outsize=7005 ok=1
Cmd: disassembleShader
  api=5 insize=4346 outsize=4346 ok=1
Cmd: disassembleShader
  api=5 insize=4488 outsize=4488 ok=1
Cmd: disassembleShader
  api=5 insize=5434 outsize=5434 ok=1
Cmd: disassembleShader
  api=5 insize=4770 outsize=4770 ok=1
Cmd: disassembleShader
  api=4 insize=12864 outsize=12864 ok=1
Cmd: disassembleShader
  api=4 insize=12477 outsize=12477 ok=1
Cmd: disassembleShader
  api=5 insize=2081 outsize=2081 ok=1
Cmd: disassembleShader
  api=5 insize=3651 outsize=3651 ok=1
Cmd: disassembleShader
  api=5 insize=3332 outsize=3332 ok=1
Cmd: disassembleShader
  api=4 insize=7395 outsize=7395 ok=1
Cmd: disassembleShader
  api=5 insize=1230 outsize=1230 ok=1
Cmd: disassembleShader
  api=5 insize=1496 outsize=1496 ok=1
Cmd: disassembleShader
  api=5 insize=2081 outsize=2081 ok=1
Cmd: disassembleShader
  api=4 insize=13413 outsize=13413 ok=1
Cmd: disassembleShader
  api=4 insize=14307 outsize=14307 ok=1
Cmd: disassembleShader
  api=4 insize=15282 outsize=15282 ok=1
Cmd: disassembleShader
  api=4 insize=12760 outsize=12760 ok=1
Cmd: disassembleShader
  api=4 insize=13958 outsize=13958 ok=1
Cmd: disassembleShader
  api=4 insize=14281 outsize=14281 ok=1
Cmd: disassembleShader
  api=4 insize=5105 outsize=5105 ok=1
Cmd: disassembleShader
  api=5 insize=3651 outsize=3651 ok=1
Cmd: disassembleShader
  api=5 insize=6452 outsize=6452 ok=1
Cmd: disassembleShader
  api=5 insize=8171 outsize=8171 ok=1
Cmd: disassembleShader
  api=5 insize=8787 outsize=8787 ok=1
Cmd: disassembleShader
  api=5 insize=7005 outsize=7005 ok=1
Cmd: disassembleShader
  api=5 insize=7005 outsize=7005 ok=1
Cmd: disassembleShader
  api=5 insize=4346 outsize=4346 ok=1
Cmd: disassembleShader
  api=5 insize=4488 outsize=4488 ok=1
Cmd: disassembleShader
  api=5 insize=5434 outsize=5434 ok=1
Cmd: disassembleShader
  api=5 insize=4770 outsize=4770 ok=1
Cmd: disassembleShader
  api=4 insize=12864 outsize=12864 ok=1
Cmd: disassembleShader
  api=4 insize=12477 outsize=12477 ok=1
Cmd: disassembleShader
  api=5 insize=2081 outsize=2081 ok=1
Cmd: disassembleShader
  api=5 insize=3651 outsize=3651 ok=1
Cmd: disassembleShader
  api=5 insize=3332 outsize=3332 ok=1
Cmd: disassembleShader
  api=4 insize=7395 outsize=7395 ok=1
Cmd: disassembleShader
  api=5 insize=1230 outsize=1230 ok=1
Cmd: disassembleShader
  api=5 insize=1496 outsize=1496 ok=1
Cmd: disassembleShader
  api=5 insize=2081 outsize=2081 ok=1
Cmd: disassembleShader
  api=4 insize=13413 outsize=13413 ok=1
Cmd: disassembleShader
  api=4 insize=14307 outsize=14307 ok=1
Cmd: disassembleShader
  api=4 insize=14712 outsize=14712 ok=1
Cmd: disassembleShader
  api=4 insize=12760 outsize=12760 ok=1
Cmd: disassembleShader
  api=4 insize=12418 outsize=12418 ok=1
Cmd: disassembleShader
  api=4 insize=14632 outsize=14632 ok=1
Cmd: disassembleShader
  api=4 insize=13064 outsize=13064 ok=1
Cmd: disassembleShader
  api=4 insize=5105 outsize=5105 ok=1
Cmd: disassembleShader
  api=5 insize=3651 outsize=3651 ok=1
Cmd: disassembleShader
  api=5 insize=6452 outsize=6452 ok=1
Cmd: disassembleShader
  api=5 insize=8171 outsize=8171 ok=1
Cmd: disassembleShader
  api=4 insize=12912 outsize=12912 ok=1
Cmd: disassembleShader
  api=4 insize=13230 outsize=13230 ok=1
Cmd: disassembleShader
  api=4 insize=13957 outsize=13957 ok=1
Cmd: disassembleShader
  api=5 insize=4346 outsize=4346 ok=1
Cmd: disassembleShader
  api=4 insize=12647 outsize=12647 ok=1
Cmd: disassembleShader
  api=4 insize=11814 outsize=11814 ok=1
Cmd: disassembleShader
  api=5 insize=4436 outsize=4436 ok=1
Cmd: disassembleShader
  api=5 insize=5253 outsize=5253 ok=1
Cmd: disassembleShader
  api=5 insize=4838 outsize=4838 ok=1
Cmd: disassembleShader
  api=5 insize=2081 outsize=2081 ok=1
Cmd: disassembleShader
  api=5 insize=3651 outsize=3651 ok=1
Cmd: disassembleShader
  api=5 insize=3332 outsize=3332 ok=1
Cmd: disassembleShader
  api=5 insize=4240 outsize=4240 ok=1
Cmd: disassembleShader
  api=5 insize=1230 outsize=1230 ok=1
Cmd: disassembleShader
  api=5 insize=1496 outsize=1496 ok=1
Cmd: disassembleShader
  api=5 insize=2081 outsize=2081 ok=1
Cmd: disassembleShader
  api=4 insize=13413 outsize=13413 ok=1
Cmd: disassembleShader
  api=4 insize=14307 outsize=14307 ok=1
Cmd: disassembleShader
  api=4 insize=14712 outsize=14712 ok=1
Cmd: disassembleShader
  api=4 insize=12760 outsize=12760 ok=1
Cmd: disassembleShader
  api=4 insize=13340 outsize=13340 ok=1
Cmd: disassembleShader
  api=4 insize=14430 outsize=14430 ok=1
Cmd: disassembleShader
  api=4 insize=5105 outsize=5105 ok=1
Cmd: disassembleShader
  api=5 insize=3651 outsize=3651 ok=1
Cmd: disassembleShader
  api=5 insize=6452 outsize=6452 ok=1
Cmd: disassembleShader
  api=5 insize=8171 outsize=8171 ok=1
Cmd: disassembleShader
  api=5 insize=8787 outsize=8787 ok=1
Cmd: disassembleShader
  api=5 insize=7005 outsize=7005 ok=1
Cmd: disassembleShader
  api=4 insize=13957 outsize=13957 ok=1
Cmd: disassembleShader
  api=5 insize=4346 outsize=4346 ok=1
Cmd: disassembleShader
  api=5 insize=4488 outsize=4488 ok=1
Cmd: disassembleShader
  api=4 insize=11814 outsize=11814 ok=1
Cmd: disassembleShader
  api=5 insize=4436 outsize=4436 ok=1
Cmd: disassembleShader
  api=5 insize=5253 outsize=5253 ok=1
Cmd: disassembleShader
  api=4 insize=11841 outsize=11841 ok=1
Cmd: disassembleShader
  api=5 insize=2081 outsize=2081 ok=1
Cmd: disassembleShader
  api=5 insize=3651 outsize=3651 ok=1
Cmd: disassembleShader
  api=5 insize=3332 outsize=3332 ok=1
Cmd: disassembleShader
  api=4 insize=7395 outsize=7395 ok=1
Cmd: disassembleShader
  api=5 insize=1230 outsize=1230 ok=1
Cmd: disassembleShader
  api=5 insize=1496 outsize=1496 ok=1
Cmd: disassembleShader
  api=5 insize=2081 outsize=2081 ok=1
